        -:    0:Source:SRC/place.c
        -:    0:Graph:OBJ/place.gcno
        -:    0:Data:OBJ/place.gcda
        -:    0:Runs:1
        -:    0:Programs:1
        -:    1:/*#include <stdlib.h> */
        -:    2:#include <stdio.h>
        -:    3:#include <math.h>
        -:    4:#include <assert.h>
        -:    5:#include "util.h"
        -:    6:#include "vpr_types.h"
        -:    7:#include "globals.h"
        -:    8:#include "mst.h"
        -:    9:#include "place.h"
        -:   10:#include "read_place.h"
        -:   11:#include "draw.h"
        -:   12:#include "place_and_route.h"
        -:   13:#include "net_delay.h"
        -:   14:#include "path_delay.h"
        -:   15:#include "timing_place_lookup.h"
        -:   16:#include "timing_place.h"
        -:   17:#include "place_stats.h"
        -:   18:
        -:   19:/************** Types and defines local to place.c ***************************/
        -:   20:
        -:   21:#define SMALL_NET 4		/* Cut off for incremental bounding box updates. */
        -:   22:/* 4 is fastest -- I checked.                    */
        -:   23:
        -:   24:
        -:   25:/* For comp_cost.  NORMAL means use the method that generates updateable  *
        -:   26: * bounding boxes for speed.  CHECK means compute all bounding boxes from *
        -:   27: * scratch using a very simple routine to allow checks of the other       *
        -:   28: * costs.                                                                 */
        -:   29:
        -:   30:enum cost_methods
        -:   31:{ NORMAL, CHECK };
        -:   32:
        -:   33:#define FROM 0			/* What block connected to a net has moved? */
        -:   34:#define TO 1
        -:   35:#define FROM_AND_TO 2
        -:   36:
        -:   37:#define ERROR_TOL .0025
        -:   38:#define MAX_MOVES_BEFORE_RECOMPUTE 50000
        -:   39:
        -:   40:/********************** Variables local to place.c ***************************/
        -:   41:
        -:   42:/* [0..num_nets-1]  0 if net never connects to the same block more than  *
        -:   43: *  once, otherwise it gives the number of duplicate connections.        */
        -:   44:
        -:   45:static int *duplicate_pins;
        -:   46:
        -:   47:/* [0..num_nets-1][0..num_unique_blocks-1]  Contains a list of blocks with *
        -:   48: * no duplicated blocks for ONLY those nets that had duplicates.           */
        -:   49:
        -:   50:static int **unique_pin_list;
        -:   51:
        -:   52:/* Cost of a net, and a temporary cost of a net used during move assessment. */
        -:   53:
        -:   54:static float *net_cost = NULL, *temp_net_cost = NULL;	/* [0..num_nets-1] */
        -:   55:
        -:   56:/* [0..num_nets-1][1..num_pins-1]. What is the value of the timing   */
        -:   57:/* driven portion of the cost function. These arrays will be set to  */
        -:   58:/* (criticality * delay) for each point to point connection. */
        -:   59:static float **point_to_point_timing_cost = NULL;
        -:   60:static float **temp_point_to_point_timing_cost = NULL;
        -:   61:
        -:   62:
        -:   63:
        -:   64:/* [0..num_nets-1][1..num_pins-1]. What is the value of the delay */
        -:   65:/* for each connection in the circuit */
        -:   66:static float **point_to_point_delay_cost = NULL;
        -:   67:static float **temp_point_to_point_delay_cost = NULL;
        -:   68:
        -:   69:
        -:   70:/* [0..num_blocks-1][0..pins_per_clb-1]. Indicates which pin on the net */
        -:   71:/* this block corresponds to, this is only required during timing-driven */
        -:   72:/* placement. It is used to allow us to update individual connections on */
        -:   73:/* each net */
        -:   74:static int **net_pin_index = NULL;
        -:   75:
        -:   76:
        -:   77:/* [0..num_nets-1].  Store the bounding box coordinates and the number of    *
        -:   78: * blocks on each of a net's bounding box (to allow efficient updates),      *
        -:   79: * respectively.                                                             */
        -:   80:
        -:   81:static struct s_bb *bb_coords = NULL, *bb_num_on_edges = NULL;
        -:   82:
        -:   83:/* Stores the maximum and expected occupancies, plus the cost, of each   *
        -:   84: * region in the placement.  Used only by the NONLINEAR_CONG cost        *
        -:   85: * function.  [0..num_region-1][0..num_region-1].  Place_region_x and    *
        -:   86: * y give the situation for the x and y directed channels, respectively. */
        -:   87:
        -:   88:static struct s_place_region **place_region_x, **place_region_y;
        -:   89:
        -:   90:/* Used only with nonlinear congestion.  [0..num_regions].            */
        -:   91:
        -:   92:static float *place_region_bounds_x, *place_region_bounds_y;
        -:   93:
        -:   94:/* The arrays below are used to precompute the inverse of the average   *
        -:   95: * number of tracks per channel between [subhigh] and [sublow].  Access *
        -:   96: * them as chan?_place_cost_fac[subhigh][sublow].  They are used to     *
        -:   97: * speed up the computation of the cost function that takes the length  *
        -:   98: * of the net bounding box in each dimension, divided by the average    *
        -:   99: * number of tracks in that direction; for other cost functions they    *
        -:  100: * will never be used.                                                  */
        -:  101:
        -:  102:static float **chanx_place_cost_fac, **chany_place_cost_fac;
        -:  103:
        -:  104:
        -:  105:/* Expected crossing counts for nets with different #'s of pins.  From *
        -:  106: * ICCAD 94 pp. 690 - 695 (with linear interpolation applied by me).   */
        -:  107:
        -:  108:static const float cross_count[50] = {	/* [0..49] */
        -:  109:    1.0, 1.0, 1.0, 1.0828, 1.1536, 1.2206, 1.2823, 1.3385, 1.3991, 1.4493,
        -:  110:    1.4974, 1.5455, 1.5937, 1.6418, 1.6899, 1.7304, 1.7709, 1.8114, 1.8519,
        -:  111:    1.8924,
        -:  112:    1.9288, 1.9652, 2.0015, 2.0379, 2.0743, 2.1061, 2.1379, 2.1698, 2.2016,
        -:  113:    2.2334,
        -:  114:    2.2646, 2.2958, 2.3271, 2.3583, 2.3895, 2.4187, 2.4479, 2.4772, 2.5064,
        -:  115:    2.5356,
        -:  116:    2.5610, 2.5864, 2.6117, 2.6371, 2.6625, 2.6887, 2.7148, 2.7410, 2.7671,
        -:  117:    2.7933
        -:  118:};
        -:  119:
        -:  120:
        -:  121:/********************* Static subroutines local to place.c *******************/
        -:  122:
        -:  123:static void alloc_and_load_unique_pin_list(void);
        -:  124:
        -:  125:static void free_unique_pin_list(void);
        -:  126:
        -:  127:static void alloc_place_regions(int num_regions);
        -:  128:
        -:  129:static void load_place_regions(int num_regions);
        -:  130:
        -:  131:static void free_place_regions(int num_regions);
        -:  132:
        -:  133:static void alloc_and_load_placement_structs(int place_cost_type,
        -:  134:					     int num_regions,
        -:  135:					     float place_cost_exp,
        -:  136:					     float ***old_region_occ_x,
        -:  137:					     float ***old_region_occ_y,
        -:  138:					     struct s_placer_opts
        -:  139:					     placer_opts);
        -:  140:
        -:  141:static void free_placement_structs(int place_cost_type,
        -:  142:				   int num_regions,
        -:  143:				   float **old_region_occ_x,
        -:  144:				   float **old_region_occ_y,
        -:  145:				   struct s_placer_opts placer_opts);
        -:  146:
        -:  147:static void alloc_and_load_for_fast_cost_update(float place_cost_exp);
        -:  148:
        -:  149:static void initial_placement(enum e_pad_loc_type pad_loc_type,
        -:  150:			      char *pad_loc_file);
        -:  151:
        -:  152:static float comp_bb_cost(int method,
        -:  153:			  int place_cost_type,
        -:  154:			  int num_regions);
        -:  155:
        -:  156:static int try_swap(float t,
        -:  157:		    float *cost,
        -:  158:		    float *bb_cost,
        -:  159:		    float *timing_cost,
        -:  160:		    float rlim,
        -:  161:		    int place_cost_type,
        -:  162:		    float **old_region_occ_x,
        -:  163:		    float **old_region_occ_y,
        -:  164:		    int num_regions,
        -:  165:		    boolean fixed_pins,
        -:  166:		    enum e_place_algorithm place_algorithm,
        -:  167:		    float timing_tradeoff,
        -:  168:		    float inverse_prev_bb_cost,
        -:  169:		    float inverse_prev_timing_cost,
        -:  170:		    float *delay_cost,
        -:  171:		    int *x_lookup);
        -:  172:
        -:  173:static void check_place(float bb_cost,
        -:  174:			float timing_cost,
        -:  175:			int place_cost_type,
        -:  176:			int num_regions,
        -:  177:			enum e_place_algorithm place_algorithm,
        -:  178:			float delay_cost);
        -:  179:
        -:  180:static float starting_t(float *cost_ptr,
        -:  181:			float *bb_cost_ptr,
        -:  182:			float *timing_cost_ptr,
        -:  183:			int place_cost_type,
        -:  184:			float **old_region_occ_x,
        -:  185:			float **old_region_occ_y,
        -:  186:			int num_regions,
        -:  187:			boolean fixed_pins,
        -:  188:			struct s_annealing_sched annealing_sched,
        -:  189:			int max_moves,
        -:  190:			float rlim,
        -:  191:			enum e_place_algorithm place_algorithm,
        -:  192:			float timing_tradeoff,
        -:  193:			float inverse_prev_bb_cost,
        -:  194:			float inverse_prev_timing_cost,
        -:  195:			float *delay_cost_ptr);
        -:  196:
        -:  197:
        -:  198:static void update_t(float *t,
        -:  199:		     float std_dev,
        -:  200:		     float rlim,
        -:  201:		     float success_rat,
        -:  202:		     struct s_annealing_sched annealing_sched);
        -:  203:
        -:  204:static void update_rlim(float *rlim,
        -:  205:			float success_rat);
        -:  206:
        -:  207:static int exit_crit(float t,
        -:  208:		     float cost,
        -:  209:		     struct s_annealing_sched annealing_sched);
        -:  210:
        -:  211:static int count_connections(void);
        -:  212:
        -:  213:static void compute_net_pin_index_values(void);
        -:  214:
        -:  215:static double get_std_dev(int n,
        -:  216:			  double sum_x_squared,
        -:  217:			  double av_x);
        -:  218:
        -:  219:static void free_fast_cost_update_structs(void);
        -:  220:
        -:  221:static float recompute_bb_cost(int place_cost_type,
        -:  222:			       int num_regions);
        -:  223:
        -:  224:static float comp_td_point_to_point_delay(int inet,
        -:  225:					  int ipin);
        -:  226:
        -:  227:static void update_td_cost(int b_from,
        -:  228:			   int b_to,
        -:  229:			   int num_of_pins);
        -:  230:
        -:  231:static void comp_delta_td_cost(int b_from,
        -:  232:			       int b_to,
        -:  233:			       int num_of_pins,
        -:  234:			       float *delta_timing,
        -:  235:			       float *delta_delay);
        -:  236:
        -:  237:static void comp_td_costs(float *timing_cost,
        -:  238:			  float *connection_delay_sum);
        -:  239:
        -:  240:static int assess_swap(float delta_c,
        -:  241:		       float t);
        -:  242:
        -:  243:static boolean find_to(int x_from,
        -:  244:		       int y_from,
        -:  245:		       t_type_ptr type,
        -:  246:		       float rlim,
        -:  247:		       int *x_lookup,
        -:  248:		       int *x_to,
        -:  249:		       int *y_to);
        -:  250:
        -:  251:static void get_non_updateable_bb(int inet,
        -:  252:				  struct s_bb *bb_coord_new);
        -:  253:
        -:  254:static void update_bb(int inet,
        -:  255:		      struct s_bb *bb_coord_new,
        -:  256:		      struct s_bb *bb_edge_new,
        -:  257:		      int xold,
        -:  258:		      int yold,
        -:  259:		      int xnew,
        -:  260:		      int ynew);
        -:  261:
        -:  262:static int find_affected_nets(int *nets_to_update,
        -:  263:			      int *net_block_moved,
        -:  264:			      int b_from,
        -:  265:			      int b_to,
        -:  266:			      int num_of_pins);
        -:  267:
        -:  268:static float get_net_cost(int inet,
        -:  269:			  struct s_bb *bb_ptr);
        -:  270:
        -:  271:static float nonlinear_cong_cost(int num_regions);
        -:  272:
        -:  273:static void update_region_occ(int inet,
        -:  274:			      struct s_bb *coords,
        -:  275:			      int add_or_sub,
        -:  276:			      int num_regions);
        -:  277:
        -:  278:static void save_region_occ(float **old_region_occ_x,
        -:  279:			    float **old_region_occ_y,
        -:  280:			    int num_regions);
        -:  281:
        -:  282:static void restore_region_occ(float **old_region_occ_x,
        -:  283:			       float **old_region_occ_y,
        -:  284:			       int num_regions);
        -:  285:
        -:  286:static void get_bb_from_scratch(int inet,
        -:  287:				struct s_bb *coords,
        -:  288:				struct s_bb *num_on_edges);
        -:  289:
        -:  290:static double get_net_wirelength_estimate(int inet,
        -:  291:					  struct s_bb *bbptr);
        -:  292:
        -:  293:/*****************************************************************************/
        -:  294:/* RESEARCH TODO: Bounding Box and rlim need to be redone for heterogeneous to prevent a QoR penalty */
        -:  295:void
function try_place called 1 returned 100% blocks executed 67%
        1:  296:try_place(struct s_placer_opts placer_opts,
        -:  297:	  struct s_annealing_sched annealing_sched,
        -:  298:	  t_chan_width_dist chan_width_dist,
        -:  299:	  struct s_router_opts router_opts,
        -:  300:	  struct s_det_routing_arch det_routing_arch,
        -:  301:	  t_segment_inf * segment_inf,
        -:  302:	  t_timing_inf timing_inf,
        -:  303:	  t_subblock_data * subblock_data_ptr,
        -:  304:	  t_mst_edge *** mst)
        -:  305:{
        -:  306:
        -:  307:    /* Does almost all the work of placing a circuit.  Width_fac gives the   *
        -:  308:     * width of the widest channel.  Place_cost_exp says what exponent the   *
        -:  309:     * width should be taken to when calculating costs.  This allows a       *
        -:  310:     * greater bias for anisotropic architectures.  Place_cost_type          *
        -:  311:     * determines which cost function is used.  num_regions is used only     *
        -:  312:     * the place_cost_type is NONLINEAR_CONG.                                */
        -:  313:
        -:  314:
        -:  315:    int tot_iter, inner_iter, success_sum;
        -:  316:    int move_lim, moves_since_cost_recompute, width_fac;
        -:  317:    float t, success_rat, rlim, d_max, est_crit;
        -:  318:    float cost, timing_cost, bb_cost, new_bb_cost, new_timing_cost;
        -:  319:    float delay_cost, new_delay_cost, place_delay_value;
        -:  320:    float inverse_prev_bb_cost, inverse_prev_timing_cost;
        -:  321:    float oldt;
        -:  322:    double av_cost, av_bb_cost, av_timing_cost, av_delay_cost,
        -:  323:	sum_of_squares, std_dev;
        -:  324:    float **old_region_occ_x, **old_region_occ_y;
        -:  325:    char msg[BUFSIZE];
        -:  326:    boolean fixed_pins;		/* Can pads move or not? */
        -:  327:    int num_connections;
        -:  328:    int inet, ipin, outer_crit_iter_count, inner_crit_iter_count,
        -:  329:	inner_recompute_limit;
        -:  330:    float **net_slack, **net_delay;
        -:  331:    float crit_exponent;
        -:  332:    float first_rlim, final_rlim, inverse_delta_rlim;
        -:  333:    float **remember_net_delay_original_ptr;	/*used to free net_delay if it is re-assigned */
        -:  334:
        -:  335:    int *x_lookup;		/* Used to quickly determine valid swap columns */
        -:  336:
        -:  337:    /* Allocated here because it goes into timing critical code where each memory allocation is expensive */
        1:  338:    x_lookup = my_malloc(nx * sizeof(int));
call    0 returned 100%
        -:  339:
        1:  340:    remember_net_delay_original_ptr = NULL;	/*prevents compiler warning */
        -:  341:
        1:  342:    if(placer_opts.place_algorithm == NET_TIMING_DRIVEN_PLACE ||
branch  0 taken 0% (fallthrough)
branch  1 taken 100%
    #####:  343:       placer_opts.place_algorithm == PATH_TIMING_DRIVEN_PLACE ||
branch  0 never executed
branch  1 never executed
        -:  344:       placer_opts.enable_timing_computations)
        -:  345:	{
        -:  346:	    /*do this before the initial placement to avoid messing up the initial placement */
        1:  347:	    alloc_lookups_and_criticalities(chan_width_dist,
call    0 returned 100%
        -:  348:					    router_opts,
        -:  349:					    det_routing_arch,
        -:  350:					    segment_inf,
        -:  351:					    timing_inf,
        -:  352:					    *subblock_data_ptr,
        -:  353:					    &net_delay, &net_slack);
        -:  354:
        1:  355:	    remember_net_delay_original_ptr = net_delay;
        -:  356:
        -:  357:	    /*#define PRINT_LOWER_BOUND */
        -:  358:#ifdef PRINT_LOWER_BOUND
        -:  359:	    /*print the crit_path, assuming delay between blocks that are*
        -:  360:	     *block_dist apart*/
        -:  361:
        -:  362:	    if(placer_opts.block_dist <= nx)
        -:  363:		place_delay_value =
        -:  364:		    delta_clb_to_clb[placer_opts.block_dist][0];
        -:  365:	    else if(placer_opts.block_dist <= ny)
        -:  366:		place_delay_value =
        -:  367:		    delta_clb_to_clb[0][placer_opts.block_dist];
        -:  368:	    else
        -:  369:		place_delay_value = delta_clb_to_clb[nx][ny];
        -:  370:
        -:  371:	    printf("\nLower bound assuming delay of %g\n", place_delay_value);
        -:  372:
        -:  373:	    load_constant_net_delay(net_delay, place_delay_value);
        -:  374:	    load_timing_graph_net_delays(net_delay);
        -:  375:	    d_max = load_net_slack(net_slack, 0);
        -:  376:
        -:  377:#ifdef CREATE_ECHO_FILES
        -:  378:	    print_critical_path("Placement_Lower_Bound.echo");
        -:  379:	    print_sink_delays("Placement_Lower_Bound_Sink_Delays.echo");
        -:  380:#endif /* CREATE_ECHO_FILES */
        -:  381:
        -:  382:	    /*also print sink delays assuming 0 delay between blocks, 
        -:  383:	     * this tells us how much logic delay is on each path */
        -:  384:
        -:  385:	    load_constant_net_delay(net_delay, 0);
        -:  386:	    load_timing_graph_net_delays(net_delay);
        -:  387:	    d_max = load_net_slack(net_slack, 0);
        -:  388:
        -:  389:#ifdef CREATE_ECHO_FILES
        -:  390:	    print_sink_delays("Placement_Logic_Sink_Delays.echo");
        -:  391:#endif /* CREATE_ECHO_FILES */
        -:  392:#endif
        -:  393:
        -:  394:	}
        -:  395:
        1:  396:    width_fac = placer_opts.place_chan_width;
        1:  397:    if(placer_opts.pad_loc_type == FREE)
branch  0 taken 0% (fallthrough)
branch  1 taken 100%
        -:  398:	fixed_pins = FALSE;
        -:  399:    else
    #####:  400:	fixed_pins = TRUE;
        -:  401:
        1:  402:    init_chan(width_fac, chan_width_dist);
call    0 returned 100%
        -:  403:
        1:  404:    alloc_and_load_placement_structs(placer_opts.place_cost_type,
call    0 returned 100%
        -:  405:				     placer_opts.num_regions,
        -:  406:				     placer_opts.place_cost_exp,
        -:  407:				     &old_region_occ_x, &old_region_occ_y,
        -:  408:				     placer_opts);
        -:  409:
        1:  410:    initial_placement(placer_opts.pad_loc_type, placer_opts.pad_loc_file);
call    0 returned 100%
        1:  411:    init_draw_coords((float)width_fac);
call    0 returned 100%
        -:  412:
        -:  413:    /* Storing the number of pins on each type of block makes the swap routine *
        -:  414:     * slightly more efficient.                                                */
        -:  415:
        -:  416:    /* Gets initial cost and loads bounding boxes. */
        -:  417:
        1:  418:    if(placer_opts.place_algorithm == NET_TIMING_DRIVEN_PLACE ||
branch  0 taken 100% (fallthrough)
branch  1 taken 0%
        -:  419:       placer_opts.place_algorithm == PATH_TIMING_DRIVEN_PLACE)
        -:  420:	{
        1:  421:	    bb_cost = comp_bb_cost(NORMAL, placer_opts.place_cost_type,
call    0 returned 100%
        -:  422:				   placer_opts.num_regions);
        -:  423:
        1:  424:	    crit_exponent = placer_opts.td_place_exp_first;	/*this will be modified when rlim starts to change */
        -:  425:
        1:  426:	    compute_net_pin_index_values();
        -:  427:
        1:  428:	    num_connections = count_connections();
        -:  429:	    printf
        1:  430:		("\nThere are %d point to point connections in this circuit\n\n",
call    0 returned 100%
        -:  431:		 num_connections);
        -:  432:
        1:  433:	    if(placer_opts.place_algorithm == NET_TIMING_DRIVEN_PLACE)
branch  0 taken 0% (fallthrough)
branch  1 taken 100%
        -:  434:		{
    #####:  435:		    for(inet = 0; inet < num_nets; inet++)
branch  0 never executed
branch  1 never executed
    #####:  436:			for(ipin = 1; ipin <= net[inet].num_sinks; ipin++)
branch  0 never executed
branch  1 never executed
    #####:  437:			    timing_place_crit[inet][ipin] = 0;	/*dummy crit values */
        -:  438:
    #####:  439:		    comp_td_costs(&timing_cost, &delay_cost);	/*first pass gets delay_cost, which is used 
call    0 never executed
        -:  440:								 * in criticality computations in the next call
        -:  441:								 * to comp_td_costs. */
    #####:  442:		    place_delay_value = delay_cost / num_connections;	/*used for computing criticalities */
    #####:  443:		    load_constant_net_delay(net_delay, place_delay_value);
call    0 never executed
        -:  444:
        -:  445:		}
        -:  446:	    else
        -:  447:		place_delay_value = 0;
        -:  448:
        -:  449:
        1:  450:	    if(placer_opts.place_algorithm == PATH_TIMING_DRIVEN_PLACE)
branch  0 taken 100% (fallthrough)
branch  1 taken 0%
        -:  451:		{
        1:  452:		    net_delay = point_to_point_delay_cost;	/*this keeps net_delay up to date with      *
        -:  453:								 * *the same values that the placer is using  *
        -:  454:								 * *point_to_point_delay_cost is computed each*
        -:  455:								 * *time that comp_td_costs is called, and is *
        -:  456:								 * *also updated after any swap is accepted   */
        -:  457:		}
        -:  458:
        -:  459:
        1:  460:	    load_timing_graph_net_delays(net_delay);
call    0 returned 100%
        1:  461:	    d_max = load_net_slack(net_slack, 0);
call    0 returned 100%
        1:  462:	    load_criticalities(placer_opts, net_slack, d_max, crit_exponent);
call    0 returned 100%
        1:  463:	    outer_crit_iter_count = 1;
        -:  464:
        -:  465:	    /*now we can properly compute costs  */
        1:  466:	    comp_td_costs(&timing_cost, &delay_cost);	/*also puts proper values into point_to_point_delay_cost */
call    0 returned 100%
        -:  467:
        1:  468:	    inverse_prev_timing_cost = 1 / timing_cost;
        1:  469:	    inverse_prev_bb_cost = 1 / bb_cost;
        1:  470:	    cost = 1;		/*our new cost function uses normalized values of           */
        -:  471:	    /*bb_cost and timing_cost, the value of cost will be reset  */
        -:  472:	    /*to 1 at each temperature when *_TIMING_DRIVEN_PLACE is true */
        -:  473:	}
        -:  474:    else
        -:  475:	{			/*BOUNDING_BOX_PLACE */
    #####:  476:	    cost = bb_cost = comp_bb_cost(NORMAL, placer_opts.place_cost_type,
call    0 never executed
        -:  477:					  placer_opts.num_regions);
    #####:  478:	    timing_cost = 0;
    #####:  479:	    delay_cost = 0;
    #####:  480:	    place_delay_value = 0;
    #####:  481:	    outer_crit_iter_count = 0;
    #####:  482:	    num_connections = 0;
    #####:  483:	    d_max = 0;
    #####:  484:	    crit_exponent = 0;
        -:  485:
    #####:  486:	    inverse_prev_timing_cost = 0;	/*inverses not used */
    #####:  487:	    inverse_prev_bb_cost = 0;
        -:  488:	}
        -:  489:
        1:  490:    move_lim = (int)(annealing_sched.inner_num * pow(num_blocks, 1.3333));
        -:  491:
        1:  492:    if(placer_opts.inner_loop_recompute_divider != 0)
branch  0 taken 0% (fallthrough)
branch  1 taken 100%
    #####:  493:	inner_recompute_limit = (int)(0.5 + (float)move_lim /
    #####:  494:				      (float)placer_opts.
        -:  495:				      inner_loop_recompute_divider);
        -:  496:    else			/*don't do an inner recompute */
        1:  497:	inner_recompute_limit = move_lim + 1;
        -:  498:
        -:  499:
        -:  500:    /* Sometimes I want to run the router with a random placement.  Avoid *
        -:  501:     * using 0 moves to stop division by 0 and 0 length vector problems,  *
        -:  502:     * by setting move_lim to 1 (which is still too small to do any       *
        -:  503:     * significant optimization).                                         */
        -:  504:
        1:  505:    if(move_lim <= 0)
branch  0 taken 0% (fallthrough)
branch  1 taken 100%
    #####:  506:	move_lim = 1;
        -:  507:
        1:  508:    rlim = (float)max(nx, ny);
branch  0 taken 0% (fallthrough)
branch  1 taken 100%
        -:  509:
        1:  510:    first_rlim = rlim;		/*used in timing-driven placement for exponent computation */
        1:  511:    final_rlim = 1;
        1:  512:    inverse_delta_rlim = 1 / (first_rlim - final_rlim);
        -:  513:
        2:  514:    t = starting_t(&cost, &bb_cost, &timing_cost,
call    0 returned 100%
        -:  515:		   placer_opts.place_cost_type,
        -:  516:		   old_region_occ_x, old_region_occ_y,
        -:  517:		   placer_opts.num_regions, fixed_pins, annealing_sched,
        -:  518:		   move_lim, rlim, placer_opts.place_algorithm,
        -:  519:		   placer_opts.timing_tradeoff, inverse_prev_bb_cost,
        -:  520:		   inverse_prev_timing_cost, &delay_cost);
        1:  521:    tot_iter = 0;
        1:  522:    moves_since_cost_recompute = 0;
        -:  523:    printf
        1:  524:	("Initial Placement Cost: %g bb_cost: %g td_cost: %g delay_cost: %g\n\n",
call    0 returned 100%
        -:  525:	 cost, bb_cost, timing_cost, delay_cost);
        -:  526:
        -:  527:#ifndef SPEC
        -:  528:    printf
        1:  529:	("%11s  %10s %11s  %11s  %11s %11s  %11s %9s %8s  %7s  %7s  %10s  %7s\n",
call    0 returned 100%
        -:  530:	 "T", "Cost", "Av. BB Cost", "Av. TD Cost", "Av Tot Del",
        -:  531:	 "P to P Del", "d_max", "Ac Rate", "Std Dev", "R limit", "Exp",
        -:  532:	 "Tot. Moves", "Alpha");
        -:  533:    printf
        1:  534:	("%11s  %10s %11s  %11s  %11s %11s  %11s %9s %8s  %7s  %7s  %10s  %7s\n",
call    0 returned 100%
        -:  535:	 "--------", "----------", "-----------", "-----------",
        -:  536:	 "---------", "----------", "-----", "-------", "-------",
        -:  537:	 "-------", "-------", "----------", "-----");
        -:  538:#endif
        -:  539:
        1:  540:    sprintf(msg,
        -:  541:	    "Initial Placement.  Cost: %g  BB Cost: %g  TD Cost %g  Delay Cost: %g "
        -:  542:	    "\t d_max %g Channel Factor: %d", cost, bb_cost, timing_cost,
        -:  543:	    delay_cost, d_max, width_fac);
        1:  544:    update_screen(MAJOR, msg, PLACEMENT, FALSE);
call    0 returned 100%
        -:  545:
      367:  546:    while(exit_crit(t, cost, annealing_sched) == 0)
branch  0 taken 99%
branch  1 taken 1% (fallthrough)
        -:  547:	{
        -:  548:
      121:  549:	    if(placer_opts.place_algorithm == NET_TIMING_DRIVEN_PLACE ||
branch  0 taken 100% (fallthrough)
branch  1 taken 0%
        -:  550:	       placer_opts.place_algorithm == PATH_TIMING_DRIVEN_PLACE)
        -:  551:		{
      121:  552:		    cost = 1;
        -:  553:		}
        -:  554:
      121:  555:	    av_cost = 0.;
      121:  556:	    av_bb_cost = 0.;
      121:  557:	    av_delay_cost = 0.;
      121:  558:	    av_timing_cost = 0.;
      121:  559:	    sum_of_squares = 0.;
      121:  560:	    success_sum = 0;
        -:  561:
      121:  562:	    if(placer_opts.place_algorithm == NET_TIMING_DRIVEN_PLACE ||
branch  0 taken 100% (fallthrough)
branch  1 taken 0%
        -:  563:	       placer_opts.place_algorithm == PATH_TIMING_DRIVEN_PLACE)
        -:  564:		{
        -:  565:
      121:  566:		    if(outer_crit_iter_count >=
branch  0 taken 0% (fallthrough)
branch  1 taken 100%
        -:  567:		       placer_opts.recompute_crit_iter
    #####:  568:		       || placer_opts.inner_loop_recompute_divider != 0)
branch  0 never executed
branch  1 never executed
        -:  569:			{
        -:  570:#ifdef VERBOSE
        -:  571:			    printf("Outer Loop Recompute Criticalities\n");
        -:  572:#endif
      121:  573:			    place_delay_value = delay_cost / num_connections;
        -:  574:
      121:  575:			    if(placer_opts.place_algorithm ==
branch  0 taken 0% (fallthrough)
branch  1 taken 100%
        -:  576:			       NET_TIMING_DRIVEN_PLACE)
    #####:  577:				load_constant_net_delay(net_delay,
call    0 never executed
        -:  578:							place_delay_value);
        -:  579:			    /*note, for path_based, the net delay is not updated since it is current,
        -:  580:			     *because it accesses point_to_point_delay array */
        -:  581:
      121:  582:			    load_timing_graph_net_delays(net_delay);
call    0 returned 100%
      121:  583:			    d_max = load_net_slack(net_slack, 0);
call    0 returned 100%
      121:  584:			    load_criticalities(placer_opts, net_slack, d_max,
call    0 returned 100%
        -:  585:					       crit_exponent);
        -:  586:			    /*recompute costs from scratch, based on new criticalities */
      121:  587:			    comp_td_costs(&timing_cost, &delay_cost);
      121:  588:			    outer_crit_iter_count = 0;
call    0 returned 100%
        -:  589:			}
      121:  590:		    outer_crit_iter_count++;
        -:  591:
        -:  592:		    /*at each temperature change we update these values to be used     */
        -:  593:		    /*for normalizing the tradeoff between timing and wirelength (bb)  */
      121:  594:		    inverse_prev_bb_cost = 1 / bb_cost;
      121:  595:		    inverse_prev_timing_cost = 1 / timing_cost;
        -:  596:		}
        -:  597:
      121:  598:	    inner_crit_iter_count = 1;
        -:  599:
   862851:  600:	    for(inner_iter = 0; inner_iter < move_lim; inner_iter++)
branch  0 taken 99%
branch  1 taken 1% (fallthrough)
        -:  601:		{
   862730:  602:		    if(try_swap(t, &cost, &bb_cost, &timing_cost,
call    0 returned 100%
branch  1 taken 45% (fallthrough)
branch  2 taken 55%
        -:  603:				rlim, placer_opts.place_cost_type,
        -:  604:				old_region_occ_x, old_region_occ_y,
        -:  605:				placer_opts.num_regions, fixed_pins,
        -:  606:				placer_opts.place_algorithm,
        -:  607:				placer_opts.timing_tradeoff,
        -:  608:				inverse_prev_bb_cost,
        -:  609:				inverse_prev_timing_cost, &delay_cost,
        -:  610:				x_lookup) == 1)
        -:  611:			{
   386509:  612:			    success_sum++;
   386509:  613:			    av_cost += cost;
   386509:  614:			    av_bb_cost += bb_cost;
   386509:  615:			    av_timing_cost += timing_cost;
   386509:  616:			    av_delay_cost += delay_cost;
   386509:  617:			    sum_of_squares += cost * cost;
        -:  618:			}
        -:  619:
   862730:  620:		    if(placer_opts.place_algorithm == NET_TIMING_DRIVEN_PLACE
branch  0 taken 100% (fallthrough)
branch  1 taken 0%
        -:  621:		       || placer_opts.place_algorithm ==
        -:  622:		       PATH_TIMING_DRIVEN_PLACE)
        -:  623:			{
        -:  624:
   862730:  625:			    if(inner_crit_iter_count >= inner_recompute_limit
branch  0 taken 0% (fallthrough)
branch  1 taken 100%
    #####:  626:			       && inner_iter != move_lim - 1)
branch  0 never executed
branch  1 never executed
        -:  627:				{	/*on last iteration don't recompute */
        -:  628:
    #####:  629:				    inner_crit_iter_count = 0;
        -:  630:#ifdef VERBOSE
        -:  631:				    printf
        -:  632:					("Inner Loop Recompute Criticalities\n");
        -:  633:#endif
    #####:  634:				    if(placer_opts.place_algorithm ==
branch  0 never executed
branch  1 never executed
        -:  635:				       NET_TIMING_DRIVEN_PLACE)
        -:  636:					{
    #####:  637:					    place_delay_value =
    #####:  638:						delay_cost / num_connections;
    #####:  639:					    load_constant_net_delay(net_delay,
call    0 never executed
        -:  640:								    place_delay_value);
        -:  641:					}
        -:  642:
    #####:  643:				    load_timing_graph_net_delays(net_delay);
call    0 never executed
    #####:  644:				    d_max = load_net_slack(net_slack, 0);
call    0 never executed
    #####:  645:				    load_criticalities(placer_opts, net_slack,
call    0 never executed
        -:  646:						       d_max, crit_exponent);
    #####:  647:				    comp_td_costs(&timing_cost, &delay_cost);
call    0 never executed
        -:  648:				}
   862730:  649:			    inner_crit_iter_count++;
        -:  650:			}
        -:  651:#ifdef VERBOSE
        -:  652:		    printf
        -:  653:			("t = %g  cost = %g   bb_cost = %g timing_cost = %g move = %d dmax = %g\n",
        -:  654:			 t, cost, bb_cost, timing_cost, inner_iter, d_max);
        -:  655:		    if(fabs
        -:  656:		       (bb_cost -
        -:  657:			comp_bb_cost(CHECK, placer_opts.place_cost_type,
        -:  658:				     placer_opts.num_regions)) >
        -:  659:		       bb_cost * ERROR_TOL)
        -:  660:			exit(1);
        -:  661:#endif
        -:  662:		}
        -:  663:
        -:  664:	    /* Lines below prevent too much round-off error from accumulating *
        -:  665:	     * in the cost over many iterations.  This round-off can lead to  *
        -:  666:	     * error checks failing because the cost is different from what   *
        -:  667:	     * you get when you recompute from scratch.                       */
        -:  668:
      121:  669:	    moves_since_cost_recompute += move_lim;
      121:  670:	    if(moves_since_cost_recompute > MAX_MOVES_BEFORE_RECOMPUTE)
branch  0 taken 12% (fallthrough)
branch  1 taken 88%
        -:  671:		{
       15:  672:		    new_bb_cost =
call    0 returned 100%
        -:  673:			recompute_bb_cost(placer_opts.place_cost_type,
        -:  674:					  placer_opts.num_regions);
       15:  675:		    if(fabs(new_bb_cost - bb_cost) > bb_cost * ERROR_TOL)
branch  0 taken 0% (fallthrough)
branch  1 taken 100%
        -:  676:			{
        -:  677:			    printf
    #####:  678:				("Error in try_place:  new_bb_cost = %g, old bb_cost = %g.\n",
call    0 never executed
        -:  679:				 new_bb_cost, bb_cost);
    #####:  680:			    exit(1);
call    0 never executed
        -:  681:			}
       15:  682:		    bb_cost = new_bb_cost;
        -:  683:
       15:  684:		    if(placer_opts.place_algorithm == NET_TIMING_DRIVEN_PLACE
branch  0 taken 100% (fallthrough)
branch  1 taken 0%
        -:  685:		       || placer_opts.place_algorithm ==
        -:  686:		       PATH_TIMING_DRIVEN_PLACE)
        -:  687:			{
       15:  688:			    comp_td_costs(&new_timing_cost, &new_delay_cost);
call    0 returned 100%
       30:  689:			    if(fabs(new_timing_cost - timing_cost) >
branch  0 taken 0% (fallthrough)
branch  1 taken 100%
       15:  690:			       timing_cost * ERROR_TOL)
        -:  691:				{
        -:  692:				    printf
    #####:  693:					("Error in try_place:  new_timing_cost = %g, old timing_cost = %g.\n",
call    0 never executed
        -:  694:					 new_timing_cost, timing_cost);
    #####:  695:				    exit(1);
call    0 never executed
        -:  696:				}
       30:  697:			    if(fabs(new_delay_cost - delay_cost) >
branch  0 taken 0% (fallthrough)
branch  1 taken 100%
       15:  698:			       delay_cost * ERROR_TOL)
        -:  699:				{
        -:  700:				    printf
    #####:  701:					("Error in try_place:  new_delay_cost = %g, old delay_cost = %g.\n",
call    0 never executed
        -:  702:					 new_delay_cost, delay_cost);
    #####:  703:				    exit(1);
call    0 never executed
        -:  704:				}
       15:  705:			    timing_cost = new_timing_cost;
        -:  706:			}
        -:  707:
       15:  708:		    if(placer_opts.place_algorithm == BOUNDING_BOX_PLACE)
branch  0 taken 0% (fallthrough)
branch  1 taken 100%
        -:  709:			{
    #####:  710:			    cost = new_bb_cost;
        -:  711:			}
        -:  712:		    moves_since_cost_recompute = 0;
        -:  713:		}
        -:  714:
      121:  715:	    tot_iter += move_lim;
      121:  716:	    success_rat = ((float)success_sum) / move_lim;
      121:  717:	    if(success_sum == 0)
branch  0 taken 0% (fallthrough)
branch  1 taken 100%
        -:  718:		{
    #####:  719:		    av_cost = cost;
    #####:  720:		    av_bb_cost = bb_cost;
    #####:  721:		    av_timing_cost = timing_cost;
    #####:  722:		    av_delay_cost = delay_cost;
        -:  723:		}
        -:  724:	    else
        -:  725:		{
      121:  726:		    av_cost /= success_sum;
      121:  727:		    av_bb_cost /= success_sum;
      121:  728:		    av_timing_cost /= success_sum;
      121:  729:		    av_delay_cost /= success_sum;
        -:  730:		}
      121:  731:	    std_dev = get_std_dev(success_sum, sum_of_squares, av_cost);
call    0 returned 100%
        -:  732:
        -:  733:#ifndef SPEC
        -:  734:	    printf
      121:  735:		("%11.5g  %10.6g %11.6g  %11.6g  %11.6g %11.6g %11.4g %9.4g %8.3g  %7.4g  %7.4g  %10d  ",
call    0 returned 100%
        -:  736:		 t, av_cost, av_bb_cost, av_timing_cost, av_delay_cost,
        -:  737:		 place_delay_value, d_max, success_rat, std_dev, rlim,
        -:  738:		 crit_exponent, tot_iter);
        -:  739:#endif
        -:  740:
      121:  741:	    oldt = t;		/* for finding and printing alpha. */
      242:  742:	    update_t(&t, std_dev, rlim, success_rat, annealing_sched);
call    0 returned 100%
        -:  743:
        -:  744:#ifndef SPEC
      121:  745:	    printf("%7.4g\n", t / oldt);
call    0 returned 100%
        -:  746:#endif
        -:  747:
      121:  748:	    sprintf(msg,
        -:  749:		    "Cost: %g  BB Cost %g  TD Cost %g  Temperature: %g  d_max: %g",
        -:  750:		    cost, bb_cost, timing_cost, t, d_max);
      121:  751:	    update_screen(MINOR, msg, PLACEMENT, FALSE);
call    0 returned 100%
        -:  752:	    update_rlim(&rlim, success_rat);
        -:  753:
      121:  754:	    if(placer_opts.place_algorithm == NET_TIMING_DRIVEN_PLACE ||
branch  0 taken 100% (fallthrough)
branch  1 taken 0%
        -:  755:	       placer_opts.place_algorithm == PATH_TIMING_DRIVEN_PLACE)
        -:  756:		{
      121:  757:		    crit_exponent =
      121:  758:			(1 -
      121:  759:			 (rlim -
      242:  760:			  final_rlim) * inverse_delta_rlim) *
      121:  761:			(placer_opts.td_place_exp_last -
        -:  762:			 placer_opts.td_place_exp_first) +
        -:  763:			placer_opts.td_place_exp_first;
        -:  764:		}
        -:  765:#ifdef VERBOSE
        -:  766:	    dump_clbs();
        -:  767:#endif
        -:  768:	}
        -:  769:
        1:  770:    t = 0;			/* freeze out */
        1:  771:    av_cost = 0.;
        1:  772:    av_bb_cost = 0.;
        1:  773:    av_timing_cost = 0.;
        1:  774:    sum_of_squares = 0.;
        1:  775:    av_delay_cost = 0.;
        1:  776:    success_sum = 0;
        -:  777:
        1:  778:    if(placer_opts.place_algorithm == NET_TIMING_DRIVEN_PLACE ||
branch  0 taken 100% (fallthrough)
branch  1 taken 0%
        -:  779:       placer_opts.place_algorithm == PATH_TIMING_DRIVEN_PLACE)
        -:  780:	{
        -:  781:	    /*at each temperature change we update these values to be used     */
        -:  782:	    /*for normalizing the tradeoff between timing and wirelength (bb)  */
        1:  783:	    if(outer_crit_iter_count >= placer_opts.recompute_crit_iter ||
branch  0 taken 0% (fallthrough)
branch  1 taken 100%
branch  2 never executed
branch  3 never executed
        -:  784:	       placer_opts.inner_loop_recompute_divider != 0)
        -:  785:		{
        -:  786:
        -:  787:#ifdef VERBOSE
        -:  788:		    printf("Outer Loop Recompute Criticalities\n");
        -:  789:#endif
        1:  790:		    place_delay_value = delay_cost / num_connections;
        -:  791:
        1:  792:		    if(placer_opts.place_algorithm == NET_TIMING_DRIVEN_PLACE)
branch  0 taken 0% (fallthrough)
branch  1 taken 100%
    #####:  793:			load_constant_net_delay(net_delay, place_delay_value);
call    0 never executed
        -:  794:
        1:  795:		    load_timing_graph_net_delays(net_delay);
call    0 returned 100%
        1:  796:		    d_max = load_net_slack(net_slack, 0);
call    0 returned 100%
        1:  797:		    load_criticalities(placer_opts, net_slack, d_max,
call    0 returned 100%
        -:  798:				       crit_exponent);
        -:  799:		    /*recompute criticaliies */
        1:  800:		    comp_td_costs(&timing_cost, &delay_cost);
        1:  801:		    outer_crit_iter_count = 0;
call    0 returned 100%
        -:  802:		}
        1:  803:	    outer_crit_iter_count++;
        -:  804:
        1:  805:	    inverse_prev_bb_cost = 1 / (bb_cost);
        1:  806:	    inverse_prev_timing_cost = 1 / (timing_cost);
        -:  807:	}
        -:  808:
        1:  809:    inner_crit_iter_count = 1;
        -:  810:
     7131:  811:    for(inner_iter = 0; inner_iter < move_lim; inner_iter++)
branch  0 taken 99%
branch  1 taken 1% (fallthrough)
        -:  812:	{
     7130:  813:	    if(try_swap(t, &cost, &bb_cost, &timing_cost,
call    0 returned 100%
branch  1 taken 4% (fallthrough)
branch  2 taken 96%
        -:  814:			rlim, placer_opts.place_cost_type,
        -:  815:			old_region_occ_x, old_region_occ_y,
        -:  816:			placer_opts.num_regions, fixed_pins,
        -:  817:			placer_opts.place_algorithm,
        -:  818:			placer_opts.timing_tradeoff, inverse_prev_bb_cost,
        -:  819:			inverse_prev_timing_cost, &delay_cost, x_lookup) == 1)
        -:  820:		{
      318:  821:		    success_sum++;
      318:  822:		    av_cost += cost;
      318:  823:		    av_bb_cost += bb_cost;
      318:  824:		    av_delay_cost += delay_cost;
      318:  825:		    av_timing_cost += timing_cost;
      318:  826:		    sum_of_squares += cost * cost;
        -:  827:
      318:  828:		    if(placer_opts.place_algorithm == NET_TIMING_DRIVEN_PLACE
branch  0 taken 100% (fallthrough)
branch  1 taken 0%
        -:  829:		       || placer_opts.place_algorithm ==
        -:  830:		       PATH_TIMING_DRIVEN_PLACE)
        -:  831:			{
        -:  832:
      318:  833:			    if(inner_crit_iter_count >= inner_recompute_limit
branch  0 taken 0% (fallthrough)
branch  1 taken 100%
    #####:  834:			       && inner_iter != move_lim - 1)
branch  0 never executed
branch  1 never executed
        -:  835:				{
        -:  836:
    #####:  837:				    inner_crit_iter_count = 0;
        -:  838:#ifdef VERBOSE
        -:  839:				    printf
        -:  840:					("Inner Loop Recompute Criticalities\n");
        -:  841:#endif
    #####:  842:				    if(placer_opts.place_algorithm ==
branch  0 never executed
branch  1 never executed
        -:  843:				       NET_TIMING_DRIVEN_PLACE)
        -:  844:					{
    #####:  845:					    place_delay_value =
    #####:  846:						delay_cost / num_connections;
    #####:  847:					    load_constant_net_delay(net_delay,
call    0 never executed
        -:  848:								    place_delay_value);
        -:  849:					}
        -:  850:
    #####:  851:				    load_timing_graph_net_delays(net_delay);
call    0 never executed
    #####:  852:				    d_max = load_net_slack(net_slack, 0);
call    0 never executed
    #####:  853:				    load_criticalities(placer_opts, net_slack,
call    0 never executed
        -:  854:						       d_max, crit_exponent);
    #####:  855:				    comp_td_costs(&timing_cost, &delay_cost);
call    0 never executed
        -:  856:				}
      318:  857:			    inner_crit_iter_count++;
        -:  858:			}
        -:  859:		}
        -:  860:#ifdef VERBOSE
        -:  861:	    printf("t = %g  cost = %g   move = %d\n", t, cost, tot_iter);
        -:  862:#endif
        -:  863:	}
        1:  864:    tot_iter += move_lim;
        1:  865:    success_rat = ((float)success_sum) / move_lim;
        1:  866:    if(success_sum == 0)
branch  0 taken 0% (fallthrough)
branch  1 taken 100%
        -:  867:	{
    #####:  868:	    av_cost = cost;
    #####:  869:	    av_bb_cost = bb_cost;
    #####:  870:	    av_delay_cost = delay_cost;
    #####:  871:	    av_timing_cost = timing_cost;
        -:  872:	}
        -:  873:    else
        -:  874:	{
        1:  875:	    av_cost /= success_sum;
        1:  876:	    av_bb_cost /= success_sum;
        1:  877:	    av_delay_cost /= success_sum;
        1:  878:	    av_timing_cost /= success_sum;
        -:  879:	}
        -:  880:
        1:  881:    std_dev = get_std_dev(success_sum, sum_of_squares, av_cost);
call    0 returned 100%
        -:  882:
        -:  883:
        -:  884:#ifndef SPEC
        -:  885:    printf
        1:  886:	("%11.5g  %10.6g %11.6g  %11.6g  %11.6g %11.6g %11.4g %9.4g %8.3g  %7.4g  %7.4g  %10d  \n\n",
call    0 returned 100%
        -:  887:	 t, av_cost, av_bb_cost, av_timing_cost, av_delay_cost,
        -:  888:	 place_delay_value, d_max, success_rat, std_dev, rlim,
        -:  889:	 crit_exponent, tot_iter);
        -:  890:
        -:  891:#endif
        -:  892:
        -:  893:#ifdef VERBOSE
        -:  894:    dump_clbs();
        -:  895:#endif
        -:  896:
        1:  897:    check_place(bb_cost, timing_cost, placer_opts.place_cost_type,
call    0 returned 100%
        -:  898:		placer_opts.num_regions, placer_opts.place_algorithm,
        -:  899:		delay_cost);
        -:  900:
        1:  901:    if(placer_opts.enable_timing_computations &&
branch  0 taken 100% (fallthrough)
branch  1 taken 0%
branch  2 taken 0% (fallthrough)
branch  3 taken 100%
        -:  902:       placer_opts.place_algorithm == BOUNDING_BOX_PLACE)
        -:  903:	{
        -:  904:	    /*need this done since the timing data has not been kept up to date*
        -:  905:	     *in bounding_box mode */
    #####:  906:	    for(inet = 0; inet < num_nets; inet++)
branch  0 never executed
branch  1 never executed
    #####:  907:		for(ipin = 1; ipin <= net[inet].num_sinks; ipin++)
branch  0 never executed
branch  1 never executed
    #####:  908:		    timing_place_crit[inet][ipin] = 0;	/*dummy crit values */
    #####:  909:	    comp_td_costs(&timing_cost, &delay_cost);	/*computes point_to_point_delay_cost */
call    0 never executed
        -:  910:	}
        -:  911:
        1:  912:    if(placer_opts.place_algorithm == NET_TIMING_DRIVEN_PLACE ||
branch  0 taken 0% (fallthrough)
branch  1 taken 100%
    #####:  913:       placer_opts.place_algorithm == PATH_TIMING_DRIVEN_PLACE ||
branch  0 never executed
branch  1 never executed
        -:  914:       placer_opts.enable_timing_computations)
        -:  915:	{
        1:  916:	    net_delay = point_to_point_delay_cost;	/*this makes net_delay up to date with    *
        -:  917:							 *the same values that the placer is using*/
        1:  918:	    load_timing_graph_net_delays(net_delay);
call    0 returned 100%
        1:  919:	    est_crit = load_net_slack(net_slack, 0);
call    0 returned 100%
        -:  920:#ifdef CREATE_ECHO_FILES
        -:  921:/*		print_sink_delays("placement_sink_delays.echo"); */
        -:  922:	    print_net_slack("placement_net_slacks.echo", net_slack);
        -:  923:	    print_critical_path("placement_crit_path.echo",
        -:  924:				*subblock_data_ptr);
        -:  925:#endif /* CREATE_ECHO_FILES */
        1:  926:	    printf("Placement Estimated Crit Path Delay: %g\n\n", est_crit);
call    0 returned 100%
        -:  927:	}
        -:  928:
        -:  929:
        1:  930:    sprintf(msg,
        -:  931:	    "Placement. Cost: %g  bb_cost: %g td_cost: %g Channel Factor: %d d_max: %g",
        -:  932:	    cost, bb_cost, timing_cost, width_fac, d_max);
        -:  933:    printf
        1:  934:	("Placement. Cost: %g  bb_cost: %g  td_cost: %g  delay_cost: %g.\n",
call    0 returned 100%
        -:  935:	 cost, bb_cost, timing_cost, delay_cost);
        1:  936:    update_screen(MAJOR, msg, PLACEMENT, FALSE);
call    0 returned 100%
        -:  937:
        -:  938:#ifdef SPEC
        -:  939:    printf("Total moves attempted: %d.0\n", tot_iter);
        -:  940:#endif
        -:  941:
        1:  942:    if(placer_opts.place_algorithm == NET_TIMING_DRIVEN_PLACE ||
branch  0 taken 0% (fallthrough)
branch  1 taken 100%
    #####:  943:       placer_opts.place_algorithm == PATH_TIMING_DRIVEN_PLACE ||
branch  0 never executed
branch  1 never executed
        -:  944:       placer_opts.enable_timing_computations)
        -:  945:	{
        -:  946:
        1:  947:	    net_delay = remember_net_delay_original_ptr;
        -:  948:
        1:  949:	    free_placement_structs(placer_opts.place_cost_type,
call    0 returned 100%
        -:  950:				   placer_opts.num_regions, old_region_occ_x,
        -:  951:				   old_region_occ_y, placer_opts);
        1:  952:	    free_lookups_and_criticalities(&net_delay, &net_slack);
call    0 returned 100%
        -:  953:	}
        -:  954:
        -:  955:    /* placement is done - find mst of all nets.
        -:  956:     * creating mst for each net; this gives me an ordering of sinks 
        -:  957:     * by which I will direct search (A*) for. */
        1:  958:    if(*mst)
branch  0 taken 0% (fallthrough)
branch  1 taken 100%
        -:  959:	{
    #####:  960:	    for(inet = 0; inet < num_nets; inet++)
branch  0 never executed
branch  1 never executed
        -:  961:		{
    #####:  962:		    assert((*mst)[inet]);
branch  0 never executed
branch  1 never executed
call    2 never executed
    #####:  963:		    free((*mst)[inet]);
        -:  964:		}
    #####:  965:	    free(*mst);
        -:  966:	}
        1:  967:    *mst = (t_mst_edge **) my_malloc(sizeof(t_mst_edge *) * num_nets);
call    0 returned 100%
      512:  968:    for(inet = 0; inet < num_nets; inet++)
branch  0 taken 99%
branch  1 taken 1% (fallthrough)
        -:  969:	{
      511:  970:	    (*mst)[inet] = get_mst_of_net(inet);
call    0 returned 100%
        -:  971:	}
        1:  972:    free(x_lookup);
        1:  973:}
        -:  974:
        -:  975:static int
        -:  976:count_connections()
        -:  977:{
        -:  978:    /*only count non-global connections */
        -:  979:
        -:  980:    int count, inet;
        -:  981:
        1:  982:    count = 0;
        -:  983:
      512:  984:    for(inet = 0; inet < num_nets; inet++)
call    0 returned 100%
branch  1 taken 99%
branch  2 taken 1% (fallthrough)
        -:  985:	{
        -:  986:
      511:  987:	    if(net[inet].is_global)
branch  0 taken 1% (fallthrough)
branch  1 taken 99%
        1:  988:		continue;
        -:  989:
      510:  990:	    count += net[inet].num_sinks;
        -:  991:	}
        -:  992:    return (count);
        -:  993:}
        -:  994:
        -:  995:static void
function compute_net_pin_index_values called 1 returned 100% blocks executed 100%
        1:  996:compute_net_pin_index_values()
        -:  997:{
        -:  998:    /*computes net_pin_index array, this array allows us to quickly */
        -:  999:    /*find what pin on the net a block pin corresponds to */
        -: 1000:
        -: 1001:    int inet, netpin, blk, iblk, ipin;
        -: 1002:    t_type_ptr type;
        -: 1003:
        -: 1004:    /*initialize values to OPEN */
      139: 1005:    for(iblk = 0; iblk < num_blocks; iblk++)
branch  0 taken 99%
branch  1 taken 1% (fallthrough)
        -: 1006:	{
      138: 1007:	    type = block[iblk].type;
     3380: 1008:	    for(ipin = 0; ipin < type->num_pins; ipin++)
branch  0 taken 96%
branch  1 taken 4% (fallthrough)
        -: 1009:		{
     3242: 1010:		    net_pin_index[iblk][ipin] = OPEN;
        -: 1011:		}
        -: 1012:	}
        -: 1013:
      511: 1014:    for(inet = 0; inet < num_nets; inet++)
branch  0 taken 99%
branch  1 taken 1% (fallthrough)
        -: 1015:	{
        -: 1016:
      511: 1017:	    if(net[inet].is_global)
branch  0 taken 99% (fallthrough)
branch  1 taken 1%
        1: 1018:		continue;
        -: 1019:
     1661: 1020:	    for(netpin = 0; netpin <= net[inet].num_sinks; netpin++)
branch  0 taken 77%
branch  1 taken 23% (fallthrough)
        -: 1021:		{
     1661: 1022:		    blk = net[inet].node_block[netpin];
     1661: 1023:		    net_pin_index[blk][net[inet].node_block_pin[netpin]] =
        -: 1024:			netpin;
        -: 1025:		}
        -: 1026:	}
        1: 1027:}
        -: 1028:
        -: 1029:
        -: 1030:static double
function get_std_dev called 123 returned 100% blocks executed 100%
      123: 1031:get_std_dev(int n,
        -: 1032:	    double sum_x_squared,
        -: 1033:	    double av_x)
        -: 1034:{
        -: 1035:
        -: 1036:    /* Returns the standard deviation of data set x.  There are n sample points, *
        -: 1037:     * sum_x_squared is the summation over n of x^2 and av_x is the average x.   *
        -: 1038:     * All operations are done in double precision, since round off error can be *
        -: 1039:     * a problem in the initial temp. std_dev calculation for big circuits.      */
        -: 1040:
        -: 1041:    double std_dev;
        -: 1042:
      123: 1043:    if(n <= 1)
branch  0 taken 100% (fallthrough)
branch  1 taken 0%
        -: 1044:	std_dev = 0.;
        -: 1045:    else
      123: 1046:	std_dev = (sum_x_squared - n * av_x * av_x) / (double)(n - 1);
        -: 1047:
      123: 1048:    if(std_dev > 0.)		/* Very small variances sometimes round negative */
branch  0 taken 95% (fallthrough)
branch  1 taken 5%
      117: 1049:	std_dev = sqrt(std_dev);
        -: 1050:    else
        -: 1051:	std_dev = 0.;
        -: 1052:
      123: 1053:    return (std_dev);
        -: 1054:}
        -: 1055:
        -: 1056:
        -: 1057:static void
        -: 1058:update_rlim(float *rlim,
        -: 1059:	    float success_rat)
        -: 1060:{
        -: 1061:
        -: 1062:    /* Update the range limited to keep acceptance prob. near 0.44.  Use *
        -: 1063:     * a floating point rlim to allow gradual transitions at low temps.  */
        -: 1064:
        -: 1065:    float upper_lim;
        -: 1066:
      121: 1067:    *rlim = (*rlim) * (1. - 0.44 + success_rat);
      121: 1068:    upper_lim = max(nx, ny);
      121: 1069:    *rlim = min(*rlim, upper_lim);
branch  0 taken 68% (fallthrough)
branch  1 taken 32%
      121: 1070:    *rlim = max(*rlim, 1.);
branch  0 taken 71% (fallthrough)
branch  1 taken 29%
        -: 1071:}
        -: 1072:
        -: 1073:
        -: 1074:/* Update the temperature according to the annealing schedule selected. */
        -: 1075:static void
function update_t.isra.0 called 121 returned 100% blocks executed 92%
      121: 1076:update_t(float *t,
        -: 1077:	 float std_dev,
        -: 1078:	 float rlim,
        -: 1079:	 float success_rat,
        -: 1080:	 struct s_annealing_sched annealing_sched)
        -: 1081:{
        -: 1082:
        -: 1083:    /*  float fac; */
        -: 1084:
      121: 1085:    if(annealing_sched.type == USER_SCHED)
branch  0 taken 0% (fallthrough)
branch  1 taken 100%
        -: 1086:	{
    #####: 1087:	    *t = annealing_sched.alpha_t * (*t);
        -: 1088:	}
        -: 1089:
        -: 1090:    /* Old standard deviation based stuff is below.  This bogs down horribly 
        -: 1091:     * for big circuits (alu4 and especially bigkey_mod). */
        -: 1092:    /* #define LAMBDA .7  */
        -: 1093:    /* ------------------------------------ */
        -: 1094:#if 0
        -: 1095:    else if(std_dev == 0.)
        -: 1096:	{
        -: 1097:	    *t = 0.;
        -: 1098:	}
        -: 1099:    else
        -: 1100:	{
        -: 1101:	    fac = exp(-LAMBDA * (*t) / std_dev);
        -: 1102:	    fac = max(0.5, fac);
        -: 1103:	    *t = (*t) * fac;
        -: 1104:	}
        -: 1105:#endif
        -: 1106:    /* ------------------------------------- */
        -: 1107:
        -: 1108:    else
        -: 1109:    {				/* AUTO_SCHED */
      121: 1110:	if(success_rat > 0.96)
branch  0 taken 3% (fallthrough)
branch  1 taken 97%
        -: 1111:	    {
        4: 1112:		*t = (*t) * 0.5;
        -: 1113:	    }
      117: 1114:	else if(success_rat > 0.8)
branch  0 taken 8% (fallthrough)
branch  1 taken 92%
        -: 1115:	    {
        9: 1116:		*t = (*t) * 0.9;
        -: 1117:	    }
      108: 1118:	else if(success_rat > 0.15 || rlim > 1.)
branch  0 taken 6% (fallthrough)
branch  1 taken 94%
branch  2 taken 0% (fallthrough)
branch  3 taken 100%
        -: 1119:	    {
      101: 1120:		*t = (*t) * 0.95;
        -: 1121:	    }
        -: 1122:	else
        -: 1123:	    {
        7: 1124:		*t = (*t) * 0.8;
        -: 1125:	    }
        -: 1126:    }
      121: 1127:}
        -: 1128:
        -: 1129:
        -: 1130:static int
        -: 1131:exit_crit(float t,
        -: 1132:	  float cost,
        -: 1133:	  struct s_annealing_sched annealing_sched)
        -: 1134:{
        -: 1135:
        -: 1136:    /* Return 1 when the exit criterion is met.                        */
        -: 1137:
      122: 1138:    if(annealing_sched.type == USER_SCHED)
branch  0 taken 0% (fallthrough)
branch  1 taken 100%
        -: 1139:	{
    #####: 1140:	    if(t < annealing_sched.exit_t)
branch  0 never executed
branch  1 never executed
        -: 1141:		{
        -: 1142:		    return (1);
        -: 1143:		}
        -: 1144:	    else
        -: 1145:		{
        -: 1146:		    return (0);
        -: 1147:		}
        -: 1148:	}
        -: 1149:
        -: 1150:    /* Automatic annealing schedule */
        -: 1151:
      122: 1152:    if(t < 0.005 * cost / num_nets)
branch  0 taken 99% (fallthrough)
branch  1 taken 1%
        -: 1153:	{
        -: 1154:	    return (1);
        -: 1155:	}
        -: 1156:    else
        -: 1157:	{
        -: 1158:	    return (0);
        -: 1159:	}
        -: 1160:}
        -: 1161:
        -: 1162:
        -: 1163:static float
function starting_t.isra.3 called 1 returned 100% blocks executed 88%
        1: 1164:starting_t(float *cost_ptr,
        -: 1165:	   float *bb_cost_ptr,
        -: 1166:	   float *timing_cost_ptr,
        -: 1167:	   int place_cost_type,
        -: 1168:	   float **old_region_occ_x,
        -: 1169:	   float **old_region_occ_y,
        -: 1170:	   int num_regions,
        -: 1171:	   boolean fixed_pins,
        -: 1172:	   struct s_annealing_sched annealing_sched,
        -: 1173:	   int max_moves,
        -: 1174:	   float rlim,
        -: 1175:	   enum e_place_algorithm place_algorithm,
        -: 1176:	   float timing_tradeoff,
        -: 1177:	   float inverse_prev_bb_cost,
        -: 1178:	   float inverse_prev_timing_cost,
        -: 1179:	   float *delay_cost_ptr)
        -: 1180:{
        -: 1181:
        -: 1182:    /* Finds the starting temperature (hot condition).              */
        -: 1183:
        -: 1184:    int i, num_accepted, move_lim;
        -: 1185:    double std_dev, av, sum_of_squares;	/* Double important to avoid round off */
        -: 1186:    int *x_lookup;
        -: 1187:
        1: 1188:    x_lookup = (int *)my_malloc(nx * sizeof(int));
call    0 returned 100%
        -: 1189:
        1: 1190:    if(annealing_sched.type == USER_SCHED)
branch  0 taken 0% (fallthrough)
branch  1 taken 100%
    #####: 1191:	return (annealing_sched.init_t);
        -: 1192:
        1: 1193:    move_lim = min(max_moves, num_blocks);
        -: 1194:
        1: 1195:    num_accepted = 0;
        1: 1196:    av = 0.;
        1: 1197:    sum_of_squares = 0.;
        -: 1198:
        -: 1199:    /* Try one move per block.  Set t high so essentially all accepted. */
        -: 1200:
      139: 1201:    for(i = 0; i < move_lim; i++)
branch  0 taken 99%
branch  1 taken 1% (fallthrough)
        -: 1202:	{
      138: 1203:	    if(try_swap(1.e30, cost_ptr, bb_cost_ptr, timing_cost_ptr, rlim,
call    0 returned 100%
branch  1 taken 100% (fallthrough)
branch  2 taken 0%
        -: 1204:			place_cost_type,
        -: 1205:			old_region_occ_x, old_region_occ_y, num_regions,
        -: 1206:			fixed_pins, place_algorithm, timing_tradeoff,
        -: 1207:			inverse_prev_bb_cost, inverse_prev_timing_cost,
        -: 1208:			delay_cost_ptr, x_lookup) == 1)
        -: 1209:		{
      138: 1210:		    num_accepted++;
      138: 1211:		    av += *cost_ptr;
      138: 1212:		    sum_of_squares += *cost_ptr * (*cost_ptr);
        -: 1213:		}
        -: 1214:	}
        -: 1215:
        1: 1216:    if(num_accepted != 0)
branch  0 taken 100% (fallthrough)
branch  1 taken 0%
        1: 1217:	av /= num_accepted;
        -: 1218:    else
        -: 1219:	av = 0.;
        -: 1220:
        1: 1221:    std_dev = get_std_dev(num_accepted, sum_of_squares, av);
call    0 returned 100%
        -: 1222:
        -: 1223:#ifdef DEBUG
        1: 1224:    if(num_accepted != move_lim)
branch  0 taken 0% (fallthrough)
branch  1 taken 100%
        -: 1225:	{
        -: 1226:	    printf
    #####: 1227:		("Warning:  Starting t: %d of %d configurations accepted.\n",
call    0 never executed
        -: 1228:		 num_accepted, move_lim);
        -: 1229:	}
        -: 1230:#endif
        -: 1231:
        -: 1232:#ifdef VERBOSE
        -: 1233:    printf("std_dev: %g, average cost: %g, starting temp: %g\n",
        -: 1234:	   std_dev, av, 20. * std_dev);
        -: 1235:#endif
        -: 1236:
        1: 1237:    free(x_lookup);
        -: 1238:
        -: 1239:    /* Set the initial temperature to 20 times the standard of deviation */
        -: 1240:    /* so that the initial temperature adjusts according to the circuit */
        1: 1241:    return (20. * std_dev);
        -: 1242:}
        -: 1243:
        -: 1244:
        -: 1245:static int
function try_swap called 869998 returned 100% blocks executed 87%
   869998: 1246:try_swap(float t,
        -: 1247:	 float *cost,
        -: 1248:	 float *bb_cost,
        -: 1249:	 float *timing_cost,
        -: 1250:	 float rlim,
        -: 1251:	 int place_cost_type,
        -: 1252:	 float **old_region_occ_x,
        -: 1253:	 float **old_region_occ_y,
        -: 1254:	 int num_regions,
        -: 1255:	 boolean fixed_pins,
        -: 1256:	 enum e_place_algorithm place_algorithm,
        -: 1257:	 float timing_tradeoff,
        -: 1258:	 float inverse_prev_bb_cost,
        -: 1259:	 float inverse_prev_timing_cost,
        -: 1260:	 float *delay_cost,
        -: 1261:	 int *x_lookup)
        -: 1262:{
        -: 1263:
        -: 1264:    /* Picks some block and moves it to another spot.  If this spot is   *
        -: 1265:     * occupied, switch the blocks.  Assess the change in cost function  *
        -: 1266:     * and accept or reject the move.  If rejected, return 0.  If        *
        -: 1267:     * accepted return 1.  Pass back the new value of the cost function. * 
        -: 1268:     * rlim is the range limiter.                                                                            */
        -: 1269:
        -: 1270:    int b_from, x_to, y_to, z_to, x_from, y_from, z_from, b_to;
        -: 1271:    int i, k, inet, keep_switch, num_of_pins, max_pins_per_fb;
        -: 1272:    int num_nets_affected, bb_index;
        -: 1273:    float delta_c, bb_delta_c, timing_delta_c, delay_delta_c, newcost;
        -: 1274:    static struct s_bb *bb_coord_new = NULL;
        -: 1275:    static struct s_bb *bb_edge_new = NULL;
        -: 1276:    static int *nets_to_update = NULL, *net_block_moved = NULL;
        -: 1277:
   869998: 1278:    max_pins_per_fb = 0;
  4349990: 1279:    for(i = 0; i < num_types; i++)
branch  0 taken 80%
branch  1 taken 20% (fallthrough)
        -: 1280:	{
  3479992: 1281:	    max_pins_per_fb =
  3479992: 1282:		max(max_pins_per_fb, type_descriptors[i].num_pins);
        -: 1283:	}
        -: 1284:
        -: 1285:    /* Allocate the local bb_coordinate storage, etc. only once. */
        -: 1286:
   869998: 1287:    if(bb_coord_new == NULL)
branch  0 taken 1% (fallthrough)
branch  1 taken 99%
        -: 1288:	{
        1: 1289:	    bb_coord_new = (struct s_bb *)my_malloc(2 * max_pins_per_fb *
call    0 returned 100%
        -: 1290:						    sizeof(struct s_bb));
        1: 1291:	    bb_edge_new = (struct s_bb *)my_malloc(2 * max_pins_per_fb *
call    0 returned 100%
        -: 1292:						   sizeof(struct s_bb));
        1: 1293:	    nets_to_update =
        1: 1294:		(int *)my_malloc(2 * max_pins_per_fb * sizeof(int));
call    0 returned 100%
        1: 1295:	    net_block_moved =
        1: 1296:		(int *)my_malloc(2 * max_pins_per_fb * sizeof(int));
call    0 returned 100%
        -: 1297:	}
        -: 1298:
        -: 1299:
   869998: 1300:    delay_delta_c = 0.0;
   869998: 1301:    b_from = my_irand(num_blocks - 1);
call    0 returned 100%
        -: 1302:
        -: 1303:    /* If the pins are fixed we never move them from their initial    *
        -: 1304:     * random locations.  The code below could be made more efficient *
        -: 1305:     * by using the fact that pins appear first in the block list,    *
        -: 1306:     * but this shouldn't cause any significant slowdown and won't be *
        -: 1307:     * broken if I ever change the parser so that the pins aren't     *
        -: 1308:     * necessarily at the start of the block list.                    */
        -: 1309:
   869998: 1310:    if(fixed_pins == TRUE)
branch  0 taken 0% (fallthrough)
branch  1 taken 100%
        -: 1311:	{
    #####: 1312:	    while(block[b_from].type == IO_TYPE)
branch  0 never executed
branch  1 never executed
        -: 1313:		{
    #####: 1314:		    b_from = my_irand(num_blocks - 1);
call    0 never executed
        -: 1315:		}
        -: 1316:	}
        -: 1317:
   869998: 1318:    x_from = block[b_from].x;
   869998: 1319:    y_from = block[b_from].y;
   869998: 1320:    z_from = block[b_from].z;
        -: 1321:
   869998: 1322:    if(!find_to
branch  0 taken 97% (fallthrough)
branch  1 taken 3%
   869998: 1323:       (x_from, y_from, block[b_from].type, rlim, x_lookup, &x_to, &y_to))
call    0 returned 100%
        -: 1324:	return FALSE;
        -: 1325:
        -: 1326:    /* Make the switch in order to make computing the new bounding *
        -: 1327:     * box simpler.  If the cost increase is too high, switch them *
        -: 1328:     * back.  (block data structures switched, clbs not switched   *
        -: 1329:     * until success of move is determined.)                       */
        -: 1330:
   848146: 1331:    z_to = 0;
   848146: 1332:    if(grid[x_to][y_to].type->capacity > 1)
branch  0 taken 47% (fallthrough)
branch  1 taken 53%
        -: 1333:	{
   397393: 1334:	    z_to = my_irand(grid[x_to][y_to].type->capacity - 1);
call    0 returned 100%
        -: 1335:	}
   848146: 1336:    if(grid[x_to][y_to].blocks[z_to] == EMPTY)
branch  0 taken 21% (fallthrough)
branch  1 taken 79%
        -: 1337:	{			/* Moving to an empty location */
   177570: 1338:	    b_to = EMPTY;
   177570: 1339:	    block[b_from].x = x_to;
   177570: 1340:	    block[b_from].y = y_to;
   177570: 1341:	    block[b_from].z = z_to;
        -: 1342:	}
        -: 1343:    else
        -: 1344:	{			/* Swapping two blocks */
   670576: 1345:	    b_to = grid[x_to][y_to].blocks[z_to];
   670576: 1346:	    block[b_to].x = x_from;
   670576: 1347:	    block[b_to].y = y_from;
   670576: 1348:	    block[b_to].z = z_from;
        -: 1349:
   670576: 1350:	    block[b_from].x = x_to;
   670576: 1351:	    block[b_from].y = y_to;
   670576: 1352:	    block[b_from].z = z_to;
        -: 1353:	}
        -: 1354:
        -: 1355:    /* Now update the cost function.  May have to do major optimizations *
        -: 1356:     * here later.                                                       */
        -: 1357:
        -: 1358:    /* I'm using negative values of temp_net_cost as a flag, so DO NOT   *
        -: 1359:     * use cost functions that can go negative.                          */
        -: 1360:
   848146: 1361:    delta_c = 0;		/* Change in cost due to this swap. */
   848146: 1362:    bb_delta_c = 0;
   848146: 1363:    timing_delta_c = 0;
        -: 1364:
   848146: 1365:    num_of_pins = block[b_from].type->num_pins;
        -: 1366:
   848146: 1367:    num_nets_affected = find_affected_nets(nets_to_update, net_block_moved,
call    0 returned 100%
        -: 1368:					   b_from, b_to, num_of_pins);
        -: 1369:
   848146: 1370:    if(place_cost_type == NONLINEAR_CONG)
branch  0 taken 0% (fallthrough)
branch  1 taken 100%
        -: 1371:	{
    #####: 1372:	    save_region_occ(old_region_occ_x, old_region_occ_y, num_regions);
call    0 never executed
        -: 1373:	}
        -: 1374:
        -: 1375:    bb_index = 0;		/* Index of new bounding box. */
        -: 1376:
 17007588: 1377:    for(k = 0; k < num_nets_affected; k++)
branch  0 taken 95%
branch  1 taken 5% (fallthrough)
        -: 1378:	{
 17007588: 1379:	    inet = nets_to_update[k];
        -: 1380:
        -: 1381:	    /* If we swapped two blocks connected to the same net, its bounding box *
        -: 1382:	     * doesn't change.                                                      */
        -: 1383:
 17007588: 1384:	    if(net_block_moved[k] == FROM_AND_TO)
branch  0 taken 8% (fallthrough)
branch  1 taken 92%
  1370823: 1385:		continue;
        -: 1386:
 15636765: 1387:	    if(net[inet].num_sinks < SMALL_NET)
branch  0 taken 81% (fallthrough)
branch  1 taken 19%
        -: 1388:		{
 12628718: 1389:		    get_non_updateable_bb(inet, &bb_coord_new[bb_index]);
call    0 returned 100%
        -: 1390:		}
        -: 1391:	    else
        -: 1392:		{
  3008047: 1393:		    if(net_block_moved[k] == FROM)
branch  0 taken 53% (fallthrough)
branch  1 taken 47%
  3173710: 1394:			update_bb(inet, &bb_coord_new[bb_index],
call    0 returned 100%
  1586855: 1395:				  &bb_edge_new[bb_index], x_from, y_from,
        -: 1396:				  x_to, y_to);
        -: 1397:		    else
  2842384: 1398:			update_bb(inet, &bb_coord_new[bb_index],
call    0 returned 100%
  1421192: 1399:				  &bb_edge_new[bb_index], x_to, y_to, x_from,
        -: 1400:				  y_from);
        -: 1401:		}
        -: 1402:
 15636765: 1403:	    if(place_cost_type != NONLINEAR_CONG)
branch  0 taken 100% (fallthrough)
branch  1 taken 0%
        -: 1404:		{
 31273530: 1405:		    temp_net_cost[inet] =
 15636765: 1406:			get_net_cost(inet, &bb_coord_new[bb_index]);
call    0 returned 100%
 15636765: 1407:		    bb_delta_c += temp_net_cost[inet] - net_cost[inet];
        -: 1408:		}
        -: 1409:	    else
        -: 1410:		{
        -: 1411:		    /* Rip up, then replace with new bb. */
    #####: 1412:		    update_region_occ(inet, &bb_coords[inet], -1,
call    0 never executed
        -: 1413:				      num_regions);
    #####: 1414:		    update_region_occ(inet, &bb_coord_new[bb_index], 1,
call    0 never executed
        -: 1415:				      num_regions);
        -: 1416:		}
        -: 1417:
 15636765: 1418:	    bb_index++;
        -: 1419:	}
        -: 1420:
   848146: 1421:    if(place_cost_type == NONLINEAR_CONG)
branch  0 taken 0% (fallthrough)
branch  1 taken 100%
        -: 1422:	{
    #####: 1423:	    newcost = nonlinear_cong_cost(num_regions);
call    0 never executed
    #####: 1424:	    bb_delta_c = newcost - *bb_cost;
        -: 1425:	}
        -: 1426:
        -: 1427:
   848146: 1428:    if(place_algorithm == NET_TIMING_DRIVEN_PLACE ||
branch  0 taken 100% (fallthrough)
branch  1 taken 0%
        -: 1429:       place_algorithm == PATH_TIMING_DRIVEN_PLACE)
        -: 1430:	{
        -: 1431:	    /*in this case we redefine delta_c as a combination of timing and bb.  *
        -: 1432:	     *additionally, we normalize all values, therefore delta_c is in       *
        -: 1433:	     *relation to 1*/
        -: 1434:
   848146: 1435:	    comp_delta_td_cost(b_from, b_to, num_of_pins, &timing_delta_c,
call    0 returned 100%
        -: 1436:			       &delay_delta_c);
        -: 1437:
   848146: 1438:	    delta_c =
   848146: 1439:		(1 - timing_tradeoff) * bb_delta_c * inverse_prev_bb_cost +
   848146: 1440:		timing_tradeoff * timing_delta_c * inverse_prev_timing_cost;
        -: 1441:	}
        -: 1442:    else
        -: 1443:	{
        -: 1444:	    delta_c = bb_delta_c;
        -: 1445:	}
        -: 1446:
        -: 1447:
   848146: 1448:    keep_switch = assess_swap(delta_c, t);
call    0 returned 100%
        -: 1449:
        -: 1450:    /* 1 -> move accepted, 0 -> rejected. */
        -: 1451:
   848146: 1452:    if(keep_switch)
branch  0 taken 54% (fallthrough)
branch  1 taken 46%
        -: 1453:	{
   386965: 1454:	    *cost = *cost + delta_c;
   386965: 1455:	    *bb_cost = *bb_cost + bb_delta_c;
        -: 1456:
        -: 1457:
   386965: 1458:	    if(place_algorithm == NET_TIMING_DRIVEN_PLACE ||
branch  0 taken 100% (fallthrough)
branch  1 taken 0%
        -: 1459:	       place_algorithm == PATH_TIMING_DRIVEN_PLACE)
        -: 1460:		{
        -: 1461:		    /*update the point_to_point_timing_cost and point_to_point_delay_cost 
        -: 1462:		     * values from the temporary values */
   386965: 1463:		    *timing_cost = *timing_cost + timing_delta_c;
   386965: 1464:		    *delay_cost = *delay_cost + delay_delta_c;
        -: 1465:
   386965: 1466:		    update_td_cost(b_from, b_to, num_of_pins);
call    0 returned 100%
        -: 1467:		}
        -: 1468:
        -: 1469:	    /* update net cost functions and reset flags. */
        -: 1470:
        -: 1471:	    bb_index = 0;
        -: 1472:
  3819743: 1473:	    for(k = 0; k < num_nets_affected; k++)
branch  0 taken 91%
branch  1 taken 9% (fallthrough)
        -: 1474:		{
  3819743: 1475:		    inet = nets_to_update[k];
        -: 1476:
        -: 1477:		    /* If we swapped two blocks connected to the same net, its bounding box *
        -: 1478:		     * doesn't change.                                                      */
        -: 1479:
  3819743: 1480:		    if(net_block_moved[k] == FROM_AND_TO)
branch  0 taken 7% (fallthrough)
branch  1 taken 93%
        -: 1481:			{
   249425: 1482:			    temp_net_cost[inet] = -1;
   249425: 1483:			    continue;
        -: 1484:			}
        -: 1485:
  3570318: 1486:		    bb_coords[inet] = bb_coord_new[bb_index];
  3570318: 1487:		    if(net[inet].num_sinks >= SMALL_NET)
branch  0 taken 22% (fallthrough)
branch  1 taken 78%
   780989: 1488:			bb_num_on_edges[inet] = bb_edge_new[bb_index];
        -: 1489:
  3570318: 1490:		    bb_index++;
        -: 1491:
  3570318: 1492:		    net_cost[inet] = temp_net_cost[inet];
  3570318: 1493:		    temp_net_cost[inet] = -1;
        -: 1494:		}
        -: 1495:
        -: 1496:	    /* Update fb data structures since we kept the move. */
        -: 1497:	    /* Swap physical location */
   386965: 1498:	    grid[x_to][y_to].blocks[z_to] = b_from;
   386965: 1499:	    grid[x_from][y_from].blocks[z_from] = b_to;
        -: 1500:
   386965: 1501:	    if(EMPTY == b_to)
branch  0 taken 34% (fallthrough)
branch  1 taken 66%
        -: 1502:		{		/* Moved to an empty location */
   130769: 1503:		    grid[x_to][y_to].usage++;
   130769: 1504:		    grid[x_from][y_from].usage--;
        -: 1505:		}
        -: 1506:	}
        -: 1507:
        -: 1508:    else
        -: 1509:	{			/* Move was rejected.  */
        -: 1510:
        -: 1511:	    /* Reset the net cost function flags first. */
 13187845: 1512:	    for(k = 0; k < num_nets_affected; k++)
branch  0 taken 97%
branch  1 taken 3% (fallthrough)
        -: 1513:		{
 13187845: 1514:		    inet = nets_to_update[k];
 13187845: 1515:		    temp_net_cost[inet] = -1;
        -: 1516:		}
        -: 1517:
        -: 1518:	    /* Restore the block data structures to their state before the move. */
   461181: 1519:	    block[b_from].x = x_from;
   461181: 1520:	    block[b_from].y = y_from;
   461181: 1521:	    block[b_from].z = z_from;
   461181: 1522:	    if(b_to != EMPTY)
branch  0 taken 90% (fallthrough)
branch  1 taken 10%
        -: 1523:		{
   414380: 1524:		    block[b_to].x = x_to;
   414380: 1525:		    block[b_to].y = y_to;
   414380: 1526:		    block[b_to].z = z_to;
        -: 1527:		}
        -: 1528:
        -: 1529:	    /* Restore the region occupancies to their state before the move. */
   461181: 1530:	    if(place_cost_type == NONLINEAR_CONG)
branch  0 taken 0% (fallthrough)
branch  1 taken 100%
        -: 1531:		{
    #####: 1532:		    restore_region_occ(old_region_occ_x, old_region_occ_y,
call    0 never executed
        -: 1533:				       num_regions);
        -: 1534:		}
        -: 1535:	}
        -: 1536:
        -: 1537:    return (keep_switch);
        -: 1538:}
        -: 1539:
        -: 1540:
        -: 1541:static void
function save_region_occ called 0 returned 0% blocks executed 0%
    #####: 1542:save_region_occ(float **old_region_occ_x,
        -: 1543:		float **old_region_occ_y,
        -: 1544:		int num_regions)
        -: 1545:{
        -: 1546:
        -: 1547:    /* Saves the old occupancies of the placement subregions in case the  *
        -: 1548:     * current move is not accepted.  Used only for NONLINEAR_CONG.       */
        -: 1549:
        -: 1550:    int i, j;
        -: 1551:
    #####: 1552:    for(i = 0; i < num_regions; i++)
branch  0 never executed
branch  1 never executed
        -: 1553:	{
    #####: 1554:	    for(j = 0; j < num_regions; j++)
branch  0 never executed
branch  1 never executed
        -: 1555:		{
    #####: 1556:		    old_region_occ_x[i][j] = place_region_x[i][j].occupancy;
    #####: 1557:		    old_region_occ_y[i][j] = place_region_y[i][j].occupancy;
        -: 1558:		}
        -: 1559:	}
    #####: 1560:}
        -: 1561:
        -: 1562:
        -: 1563:static void
function restore_region_occ called 0 returned 0% blocks executed 0%
    #####: 1564:restore_region_occ(float **old_region_occ_x,
        -: 1565:		   float **old_region_occ_y,
        -: 1566:		   int num_regions)
        -: 1567:{
        -: 1568:
        -: 1569:    /* Restores the old occupancies of the placement subregions when the  *
        -: 1570:     * current move is not accepted.  Used only for NONLINEAR_CONG.       */
        -: 1571:
        -: 1572:    int i, j;
        -: 1573:
    #####: 1574:    for(i = 0; i < num_regions; i++)
branch  0 never executed
branch  1 never executed
        -: 1575:	{
    #####: 1576:	    for(j = 0; j < num_regions; j++)
branch  0 never executed
branch  1 never executed
        -: 1577:		{
    #####: 1578:		    place_region_x[i][j].occupancy = old_region_occ_x[i][j];
[...]
        -: 3589:	int x;
        -: 3590:	int y;
        -: 3591:	int z;
        -: 3592:    }
        -: 3593:    **pos;			/* [0..num_types-1][0..type_tsize - 1] */
        -: 3594:    int i, j, k, iblk, choice, type_index, x, y, z;
        -: 3595:    int *count, *index;		/* [0..num_types-1] */
        -: 3596:
        1: 3597:    pos = (struct s_pos **)my_malloc(num_types * sizeof(struct s_pos *));
call    0 returned 100%
        1: 3598:    count = (int *)my_calloc(num_types, sizeof(int));
call    0 returned 100%
        1: 3599:    index = (int *)my_calloc(num_types, sizeof(int));
        -: 3600:
        -: 3601:    /* Initialize all occupancy to zero. */
        -: 3602:
       13: 3603:    for(i = 0; i <= nx + 1; i++)
call    0 returned 100%
branch  1 taken 92% (fallthrough)
branch  2 taken 8%
        -: 3604:	{
      144: 3605:	    for(j = 0; j <= ny + 1; j++)
branch  0 taken 92%
branch  1 taken 8% (fallthrough)
        -: 3606:		{
      144: 3607:		    grid[i][j].usage = 0;
      361: 3608:		    for(k = 0; k < grid[i][j].type->capacity; k++)
branch  0 taken 60%
branch  1 taken 40% (fallthrough)
        -: 3609:			{
      217: 3610:			    grid[i][j].blocks[k] = EMPTY;
      217: 3611:			    if(grid[i][j].offset == 0)
branch  0 taken 92% (fallthrough)
branch  1 taken 8%
        -: 3612:				{
      199: 3613:				    count[grid[i][j].type->index]++;
        -: 3614:				}
        -: 3615:			}
        -: 3616:		}
        -: 3617:	}
        -: 3618:
        4: 3619:    for(i = 0; i < num_types; i++)
branch  0 taken 80%
branch  1 taken 20% (fallthrough)
        -: 3620:	{
        8: 3621:	    pos[i] =
        4: 3622:		(struct s_pos *)my_malloc(count[i] * sizeof(struct s_pos));
call    0 returned 100%
        -: 3623:	}
        -: 3624:
       12: 3625:    for(i = 0; i <= nx + 1; i++)
branch  0 taken 92% (fallthrough)
branch  1 taken 8%
        -: 3626:	{
      144: 3627:	    for(j = 0; j <= ny + 1; j++)
branch  0 taken 92% (fallthrough)
branch  1 taken 8%
        -: 3628:		{
      217: 3629:		    for(k = 0; k < grid[i][j].type->capacity; k++)
branch  0 taken 60%
branch  1 taken 40% (fallthrough)
        -: 3630:			{
      217: 3631:			    if(grid[i][j].offset == 0)
branch  0 taken 92% (fallthrough)
branch  1 taken 8%
        -: 3632:				{
      199: 3633:				    type_index = grid[i][j].type->index;
      199: 3634:				    pos[type_index][index[type_index]].x = i;
      199: 3635:				    pos[type_index][index[type_index]].y = j;
      199: 3636:				    pos[type_index][index[type_index]].z = k;
      199: 3637:				    index[type_index]++;
        -: 3638:				}
        -: 3639:			}
        -: 3640:		}
        -: 3641:	}
        -: 3642:
      138: 3643:    for(iblk = 0; iblk < num_blocks; iblk++)
branch  0 taken 99%
branch  1 taken 1% (fallthrough)
        -: 3644:	{
        -: 3645:	    /* Don't do IOs if the user specifies IOs */
      138: 3646:	    if(!(block[iblk].type == IO_TYPE && pad_loc_type == USER))
branch  0 taken 46% (fallthrough)
branch  1 taken 54%
branch  2 taken 100% (fallthrough)
branch  3 taken 0%
        -: 3647:		{
      138: 3648:		    type_index = block[iblk].type->index;
      138: 3649:		    assert(count[type_index] > 0);
branch  0 taken 0% (fallthrough)
branch  1 taken 100%
call    2 never executed
      138: 3650:		    choice = my_irand(count[type_index] - 1);
call    0 returned 100%
      138: 3651:		    x = pos[type_index][choice].x;
      138: 3652:		    y = pos[type_index][choice].y;
      138: 3653:		    z = pos[type_index][choice].z;
      138: 3654:		    grid[x][y].blocks[z] = iblk;
      138: 3655:		    grid[x][y].usage++;
        -: 3656:
        -: 3657:		    /* Ensure randomizer doesn't pick this block again */
      138: 3658:		    pos[type_index][choice] = pos[type_index][count[type_index] - 1];	/* overwrite used block position */
      138: 3659:		    count[type_index]--;
        -: 3660:		}
        -: 3661:	}
        -: 3662:
        1: 3663:    if(pad_loc_type == USER)
branch  0 taken 0% (fallthrough)
branch  1 taken 100%
        -: 3664:	{
    #####: 3665:	    read_user_pad_loc(pad_loc_file);
call    0 never executed
        -: 3666:	}
        -: 3667:
        -: 3668:    /* All the blocks are placed now.  Make the block array agree with the    *
        -: 3669:     * clb array.                                                             */
        -: 3670:
       12: 3671:    for(i = 0; i <= (nx + 1); i++)
branch  0 taken 92% (fallthrough)
branch  1 taken 8%
        -: 3672:	{
      144: 3673:	    for(j = 0; j <= (ny + 1); j++)
branch  0 taken 92% (fallthrough)
branch  1 taken 8%
        -: 3674:		{
      217: 3675:		    for(k = 0; k < grid[i][j].type->capacity; k++)
branch  0 taken 60%
branch  1 taken 40% (fallthrough)
        -: 3676:			{
      217: 3677:			    assert(grid[i][j].blocks != NULL);
branch  0 taken 0% (fallthrough)
branch  1 taken 100%
call    2 never executed
      217: 3678:			    iblk = grid[i][j].blocks[k];
        -: 3679:
      217: 3680:			    if(iblk != EMPTY)
branch  0 taken 64% (fallthrough)
branch  1 taken 36%
        -: 3681:				{
      138: 3682:				    block[iblk].x = i;
      138: 3683:				    block[iblk].y = j;
      138: 3684:				    block[iblk].z = k;
        -: 3685:				}
        -: 3686:			}
        -: 3687:		}
        -: 3688:	}
        -: 3689:
        -: 3690:#ifdef VERBOSE
        -: 3691:    printf("At end of initial_placement.\n");
        -: 3692:    dump_clbs();
        -: 3693:#endif
        4: 3694:    for(i = 0; i < num_types; i++)
branch  0 taken 80%
branch  1 taken 20% (fallthrough)
        -: 3695:	{
        4: 3696:	    free(pos[i]);
        -: 3697:	}
        1: 3698:    free(pos);			/* Free the mapping list */
        1: 3699:    free(index);
        1: 3700:    free(count);
        1: 3701:}
        -: 3702:
        -: 3703:
        -: 3704:static void
function free_fast_cost_update_structs called 1 returned 100% blocks executed 100%
        1: 3705:free_fast_cost_update_structs(void)
        -: 3706:{
        -: 3707:
        -: 3708:    /* Frees the structures used to speed up evaluation of the nonlinear   *
        -: 3709:     * congestion cost function.                                           */
        -: 3710:
        -: 3711:    int i;
        -: 3712:
       12: 3713:    for(i = 0; i <= ny; i++)
branch  0 taken 92%
branch  1 taken 8% (fallthrough)
       11: 3714:	free(chanx_place_cost_fac[i]);
        -: 3715:
        1: 3716:    free(chanx_place_cost_fac);
        -: 3717:
       12: 3718:    for(i = 0; i <= nx; i++)
branch  0 taken 92%
branch  1 taken 8% (fallthrough)
       11: 3719:	free(chany_place_cost_fac[i]);
        -: 3720:
        1: 3721:    free(chany_place_cost_fac);
        1: 3722:}
        -: 3723:
        -: 3724:
        -: 3725:static void
function alloc_and_load_for_fast_cost_update called 1 returned 100% blocks executed 100%
        1: 3726:alloc_and_load_for_fast_cost_update(float place_cost_exp)
        -: 3727:{
        -: 3728:
        -: 3729:    /* Allocates and loads the chanx_place_cost_fac and chany_place_cost_fac *
        -: 3730:     * arrays with the inverse of the average number of tracks per channel   *
        -: 3731:     * between [subhigh] and [sublow].  This is only useful for the cost     *
        -: 3732:     * function that takes the length of the net bounding box in each        *
        -: 3733:     * dimension divided by the average number of tracks in that direction.  *
        -: 3734:     * For other cost functions, you don't have to bother calling this       *
        -: 3735:     * routine; when using the cost function described above, however, you   *
        -: 3736:     * must always call this routine after you call init_chan and before     *
        -: 3737:     * you do any placement cost determination.  The place_cost_exp factor   *
        -: 3738:     * specifies to what power the width of the channel should be taken --   *
        -: 3739:     * larger numbers make narrower channels more expensive.                 */
        -: 3740:
        -: 3741:    int low, high, i;
        -: 3742:
        -: 3743:    /* Access arrays below as chan?_place_cost_fac[subhigh][sublow].  Since   *
        -: 3744:     * subhigh must be greater than or equal to sublow, we only need to       *
        -: 3745:     * allocate storage for the lower half of a matrix.                       */
        -: 3746:
        1: 3747:    chanx_place_cost_fac = (float **)my_malloc((ny + 1) * sizeof(float *));
call    0 returned 100%
       12: 3748:    for(i = 0; i <= ny; i++)
branch  0 taken 92%
branch  1 taken 8% (fallthrough)
       11: 3749:	chanx_place_cost_fac[i] = (float *)my_malloc((i + 1) * sizeof(float));
call    0 returned 100%
        -: 3750:
        1: 3751:    chany_place_cost_fac = (float **)my_malloc((nx + 1) * sizeof(float *));
call    0 returned 100%
       12: 3752:    for(i = 0; i <= nx; i++)
branch  0 taken 92%
branch  1 taken 8% (fallthrough)
       11: 3753:	chany_place_cost_fac[i] = (float *)my_malloc((i + 1) * sizeof(float));
call    0 returned 100%
        -: 3754:
        -: 3755:
        -: 3756:    /* First compute the number of tracks between channel high and channel *
        -: 3757:     * low, inclusive, in an efficient manner.                             */
        -: 3758:
        1: 3759:    chanx_place_cost_fac[0][0] = chan_width_x[0];
        -: 3760:
       11: 3761:    for(high = 1; high <= ny; high++)
branch  0 taken 91%
branch  1 taken 9% (fallthrough)
        -: 3762:	{
       10: 3763:	    chanx_place_cost_fac[high][high] = chan_width_x[high];
       65: 3764:	    for(low = 0; low < high; low++)
branch  0 taken 85%
branch  1 taken 15% (fallthrough)
        -: 3765:		{
      110: 3766:		    chanx_place_cost_fac[high][low] =
       55: 3767:			chanx_place_cost_fac[high - 1][low] +
        -: 3768:			chan_width_x[high];
        -: 3769:		}
        -: 3770:	}
        -: 3771:
        -: 3772:    /* Now compute the inverse of the average number of tracks per channel *
        -: 3773:     * between high and low.  The cost function divides by the average     *
        -: 3774:     * number of tracks per channel, so by storing the inverse I convert   *
        -: 3775:     * this to a faster multiplication.  Take this final number to the     *
        -: 3776:     * place_cost_exp power -- numbers other than one mean this is no      *
        -: 3777:     * longer a simple "average number of tracks"; it is some power of     *
        -: 3778:     * that, allowing greater penalization of narrow channels.             */
        -: 3779:
       11: 3780:    for(high = 0; high <= ny; high++)
branch  0 taken 92% (fallthrough)
branch  1 taken 8%
       66: 3781:	for(low = 0; low <= high; low++)
branch  0 taken 86%
branch  1 taken 14% (fallthrough)
        -: 3782:	    {
      132: 3783:		chanx_place_cost_fac[high][low] = (high - low + 1.) /
       66: 3784:		    chanx_place_cost_fac[high][low];
       66: 3785:		chanx_place_cost_fac[high][low] =
       66: 3786:		    pow((double)chanx_place_cost_fac[high][low],
        -: 3787:			(double)place_cost_exp);
        -: 3788:	    }
        -: 3789:
        -: 3790:
        -: 3791:    /* Now do the same thing for the y-directed channels.  First get the  *
        -: 3792:     * number of tracks between channel high and channel low, inclusive.  */
        -: 3793:
        1: 3794:    chany_place_cost_fac[0][0] = chan_width_y[0];
        -: 3795:
       11: 3796:    for(high = 1; high <= nx; high++)
branch  0 taken 91%
branch  1 taken 9% (fallthrough)
        -: 3797:	{
       10: 3798:	    chany_place_cost_fac[high][high] = chan_width_y[high];
       65: 3799:	    for(low = 0; low < high; low++)
branch  0 taken 85%
branch  1 taken 15% (fallthrough)
        -: 3800:		{
      110: 3801:		    chany_place_cost_fac[high][low] =
       55: 3802:			chany_place_cost_fac[high - 1][low] +
        -: 3803:			chan_width_y[high];
        -: 3804:		}
        -: 3805:	}
        -: 3806:
        -: 3807:    /* Now compute the inverse of the average number of tracks per channel * 
        -: 3808:     * between high and low.  Take to specified power.                     */
        -: 3809:
       11: 3810:    for(high = 0; high <= nx; high++)
branch  0 taken 92% (fallthrough)
branch  1 taken 8%
       66: 3811:	for(low = 0; low <= high; low++)
branch  0 taken 86%
branch  1 taken 14% (fallthrough)
        -: 3812:	    {
      132: 3813:		chany_place_cost_fac[high][low] = (high - low + 1.) /
       66: 3814:		    chany_place_cost_fac[high][low];
       66: 3815:		chany_place_cost_fac[high][low] =
       66: 3816:		    pow((double)chany_place_cost_fac[high][low],
        -: 3817:			(double)place_cost_exp);
        -: 3818:	    }
        1: 3819:}
        -: 3820:
        -: 3821:
        -: 3822:static void
function check_place called 1 returned 100% blocks executed 69%
        1: 3823:check_place(float bb_cost,
        -: 3824:	    float timing_cost,
        -: 3825:	    int place_cost_type,
        -: 3826:	    int num_regions,
        -: 3827:	    enum e_place_algorithm place_algorithm,
        -: 3828:	    float delay_cost)
        -: 3829:{
        -: 3830:
        -: 3831:    /* Checks that the placement has not confused our data structures. *
        -: 3832:     * i.e. the clb and block structures agree about the locations of  *
        -: 3833:     * every block, blocks are in legal spots, etc.  Also recomputes   *
        -: 3834:     * the final placement cost from scratch and makes sure it is      *
        -: 3835:     * within roundoff of what we think the cost is.                   */
        -: 3836:
        -: 3837:    static int *bdone;
        1: 3838:    int i, j, k, error = 0, bnum;
        -: 3839:    float bb_cost_check;
        -: 3840:    int usage_check;
        -: 3841:    float timing_cost_check, delay_cost_check;
        -: 3842:
        1: 3843:    bb_cost_check = comp_bb_cost(CHECK, place_cost_type, num_regions);
call    0 returned 100%
        1: 3844:    printf("bb_cost recomputed from scratch is %g.\n", bb_cost_check);
call    0 returned 100%
        1: 3845:    if(fabs(bb_cost_check - bb_cost) > bb_cost * ERROR_TOL)
branch  0 taken 0% (fallthrough)
branch  1 taken 100%
        -: 3846:	{
        -: 3847:	    printf
    #####: 3848:		("Error:  bb_cost_check: %g and bb_cost: %g differ in check_place.\n",
        -: 3849:		 bb_cost_check, bb_cost);
    #####: 3850:	    error++;
call    0 never executed
        -: 3851:	}
        -: 3852:
        1: 3853:    if(place_algorithm == NET_TIMING_DRIVEN_PLACE ||
branch  0 taken 100% (fallthrough)
branch  1 taken 0%
        -: 3854:       place_algorithm == PATH_TIMING_DRIVEN_PLACE)
        -: 3855:	{
        1: 3856:	    comp_td_costs(&timing_cost_check, &delay_cost_check);
call    0 returned 100%
        1: 3857:	    printf("timing_cost recomputed from scratch is %g. \n",
call    0 returned 100%
        -: 3858:		   timing_cost_check);
        2: 3859:	    if(fabs(timing_cost_check - timing_cost) >
branch  0 taken 0% (fallthrough)
branch  1 taken 100%
        1: 3860:	       timing_cost * ERROR_TOL)
        -: 3861:		{
    #####: 3862:		    printf("Error:  timing_cost_check: %g and timing_cost: "
call    0 never executed
        -: 3863:			   "%g differ in check_place.\n",
        -: 3864:			   timing_cost_check, timing_cost);
    #####: 3865:		    error++;
        -: 3866:		}
        1: 3867:	    printf("delay_cost recomputed from scratch is %g. \n",
call    0 returned 100%
        -: 3868:		   delay_cost_check);
        1: 3869:	    if(fabs(delay_cost_check - delay_cost) > delay_cost * ERROR_TOL)
branch  0 taken 0% (fallthrough)
branch  1 taken 100%
        -: 3870:		{
    #####: 3871:		    printf("Error:  delay_cost_check: %g and delay_cost: "
call    0 never executed
        -: 3872:			   "%g differ in check_place.\n",
        -: 3873:			   delay_cost_check, delay_cost);
    #####: 3874:		    error++;
        -: 3875:		}
        -: 3876:	}
        -: 3877:
        1: 3878:    bdone = (int *)my_malloc(num_blocks * sizeof(int));
call    0 returned 100%
      139: 3879:    for(i = 0; i < num_blocks; i++)
branch  0 taken 99%
branch  1 taken 1% (fallthrough)
      138: 3880:	bdone[i] = 0;
        -: 3881:
        -: 3882:    /* Step through grid array. Check it against block array. */
       12: 3883:    for(i = 0; i <= (nx + 1); i++)
branch  0 taken 92% (fallthrough)
branch  1 taken 8%
      144: 3884:	for(j = 0; j <= (ny + 1); j++)
branch  0 taken 92%
branch  1 taken 8% (fallthrough)
        -: 3885:	    {
      144: 3886:		if(grid[i][j].usage > grid[i][j].type->capacity)
branch  0 taken 0% (fallthrough)
branch  1 taken 100%
        -: 3887:		    {
        -: 3888:			printf
    #####: 3889:			    ("Error:  block at grid location (%d,%d) overused. "
call    0 never executed
        -: 3890:			     "Usage is %d\n", i, j, grid[i][j].usage);
    #####: 3891:			error++;
        -: 3892:		    }
        -: 3893:		usage_check = 0;
      217: 3894:		for(k = 0; k < grid[i][j].type->capacity; k++)
branch  0 taken 60%
branch  1 taken 40% (fallthrough)
        -: 3895:		    {
      217: 3896:			bnum = grid[i][j].blocks[k];
      217: 3897:			if(EMPTY == bnum)
branch  0 taken 36% (fallthrough)
branch  1 taken 64%
       79: 3898:			    continue;
        -: 3899:
      138: 3900:			if(block[bnum].type != grid[i][j].type)
branch  0 taken 0% (fallthrough)
branch  1 taken 100%
        -: 3901:			    {
        -: 3902:				printf
    #####: 3903:				    ("Error:  block %d type does not match grid location (%d,%d) type.\n",
call    0 never executed
        -: 3904:				     bnum, i, j);
    #####: 3905:				error++;
        -: 3906:			    }
      138: 3907:			if((block[bnum].x != i) || (block[bnum].y != j))
branch  0 taken 100% (fallthrough)
branch  1 taken 0%
branch  2 taken 0% (fallthrough)
branch  3 taken 100%
        -: 3908:			    {
        -: 3909:				printf
    #####: 3910:				    ("Error:  block %d location conflicts with grid(%d,%d)"
call    0 never executed
        -: 3911:				     "data.\n", bnum, i, j);
    #####: 3912:				error++;
        -: 3913:			    }
      138: 3914:			++usage_check;
      138: 3915:			bdone[bnum]++;
        -: 3916:		    }
      144: 3917:		if(usage_check != grid[i][j].usage)
branch  0 taken 0% (fallthrough)
branch  1 taken 100%
        -: 3918:		    {
        -: 3919:			printf
    #####: 3920:			    ("Error:  Location (%d,%d) usage is %d, but has actual usage %d.\n",
call    0 never executed
        -: 3921:			     i, j, grid[i][j].usage, usage_check);
        -: 3922:		    }
        -: 3923:	    }
        -: 3924:
        -: 3925:    /* Check that every block exists in the grid and block arrays somewhere. */
      138: 3926:    for(i = 0; i < num_blocks; i++)
branch  0 taken 99%
branch  1 taken 1% (fallthrough)
      138: 3927:	if(bdone[i] != 1)
branch  0 taken 0% (fallthrough)
branch  1 taken 100%
        -: 3928:	    {
        -: 3929:		printf
    #####: 3930:		    ("Error:  block %d listed %d times in data structures.\n",
call    0 never executed
        -: 3931:		     i, bdone[i]);
    #####: 3932:		error++;
        -: 3933:	    }
        1: 3934:    free(bdone);
        -: 3935:
        1: 3936:    if(error == 0)
branch  0 taken 100% (fallthrough)
branch  1 taken 0%
        -: 3937:	{
        -: 3938:	    printf
        1: 3939:		("\nCompleted placement consistency check successfully.\n\n");
call    0 returned 100%
        -: 3940:#ifdef PRINT_REL_POS_DISTR
        -: 3941:	    print_relative_pos_distr();
        -: 3942:#endif
        -: 3943:	}
        -: 3944:    else
        -: 3945:	{
        -: 3946:	    printf
    #####: 3947:		("\nCompleted placement consistency check, %d Errors found.\n\n",
call    0 never executed
        -: 3948:		 error);
    #####: 3949:	    printf("Aborting program.\n");
call    0 never executed
    #####: 3950:	    exit(1);
call    0 never executed
        -: 3951:	}
      245: 3952:}
